2019-05-28 11:24:59.535  INFO 3332 --- [main] c.S.M.MovieBackEndApplicationTests       : Starting MovieBackEndApplicationTests on IBMPF0P6NNP with PID 3332 (started by PMMuthama in E:\p2p\Safaricom\SafaricomHackathon)
2019-05-28 11:24:59.545  INFO 3332 --- [main] c.S.M.MovieBackEndApplicationTests       : No active profile set, falling back to default profiles: default
2019-05-28 11:25:05.554  INFO 3332 --- [main] .s.d.r.c.RepositoryConfigurationDelegate : Bootstrapping Spring Data repositories in DEFAULT mode.
2019-05-28 11:25:06.191  INFO 3332 --- [main] .s.d.r.c.RepositoryConfigurationDelegate : Finished Spring Data repository scanning in 606ms. Found 1 repository interfaces.
2019-05-28 11:25:08.276  INFO 3332 --- [main] trationDelegate$BeanPostProcessorChecker : Bean 'org.springframework.transaction.annotation.ProxyTransactionManagementConfiguration' of type [org.springframework.transaction.annotation.ProxyTransactionManagementConfiguration$$EnhancerBySpringCGLIB$$2b4dd221] is not eligible for getting processed by all BeanPostProcessors (for example: not eligible for auto-proxying)
2019-05-28 11:25:08.451  INFO 3332 --- [main] trationDelegate$BeanPostProcessorChecker : Bean 'org.springframework.hateoas.config.HateoasConfiguration' of type [org.springframework.hateoas.config.HateoasConfiguration$$EnhancerBySpringCGLIB$$aace1f53] is not eligible for getting processed by all BeanPostProcessors (for example: not eligible for auto-proxying)
2019-05-28 11:25:09.237  INFO 3332 --- [main] com.zaxxer.hikari.HikariDataSource       : HikariPool-1 - Starting...
2019-05-28 11:25:10.036  INFO 3332 --- [main] com.zaxxer.hikari.HikariDataSource       : HikariPool-1 - Start completed.
2019-05-28 11:25:10.288  INFO 3332 --- [main] o.hibernate.jpa.internal.util.LogHelper  : HHH000204: Processing PersistenceUnitInfo [
	name: default
	...]
2019-05-28 11:25:10.486  INFO 3332 --- [main] org.hibernate.Version                    : HHH000412: Hibernate Core {5.3.9.Final}
2019-05-28 11:25:10.490  INFO 3332 --- [main] org.hibernate.cfg.Environment            : HHH000206: hibernate.properties not found
2019-05-28 11:25:11.032  INFO 3332 --- [main] o.hibernate.annotations.common.Version   : HCANN000001: Hibernate Commons Annotations {5.0.4.Final}
2019-05-28 11:25:11.765  INFO 3332 --- [main] org.hibernate.dialect.Dialect            : HHH000400: Using dialect: org.hibernate.dialect.H2Dialect
2019-05-28 11:25:14.354  INFO 3332 --- [main] o.h.t.schema.internal.SchemaCreatorImpl  : HHH000476: Executing import script 'org.hibernate.tool.schema.internal.exec.ScriptSourceInputNonExistentImpl@471d8d1e'
2019-05-28 11:25:14.365  INFO 3332 --- [main] j.LocalContainerEntityManagerFactoryBean : Initialized JPA EntityManagerFactory for persistence unit 'default'
2019-05-28 11:25:18.120  WARN 3332 --- [main] aWebConfiguration$JpaWebMvcConfiguration : spring.jpa.open-in-view is enabled by default. Therefore, database queries may be performed during view rendering. Explicitly configure spring.jpa.open-in-view to disable this warning
2019-05-28 11:25:20.324  INFO 3332 --- [main] o.s.b.a.e.web.EndpointLinksResolver      : Exposing 2 endpoint(s) beneath base path '/actuator'
2019-05-28 11:25:21.850  INFO 3332 --- [main] o.s.s.web.DefaultSecurityFilterChain     : Creating filter chain: Ant [pattern='/v2/api-docs'], []
2019-05-28 11:25:21.851  INFO 3332 --- [main] o.s.s.web.DefaultSecurityFilterChain     : Creating filter chain: Ant [pattern='/configuration/ui'], []
2019-05-28 11:25:21.852  INFO 3332 --- [main] o.s.s.web.DefaultSecurityFilterChain     : Creating filter chain: Ant [pattern='/swagger-resources'], []
2019-05-28 11:25:21.852  INFO 3332 --- [main] o.s.s.web.DefaultSecurityFilterChain     : Creating filter chain: Ant [pattern='/configuration/security'], []
2019-05-28 11:25:21.852  INFO 3332 --- [main] o.s.s.web.DefaultSecurityFilterChain     : Creating filter chain: Ant [pattern='/swagger-ui.html'], []
2019-05-28 11:25:21.858  INFO 3332 --- [main] o.s.s.web.DefaultSecurityFilterChain     : Creating filter chain: Ant [pattern='/webjars/**'], []
2019-05-28 11:25:22.182  INFO 3332 --- [main] o.s.s.web.DefaultSecurityFilterChain     : Creating filter chain: any request, [org.springframework.security.web.context.request.async.WebAsyncManagerIntegrationFilter@15a357ab, org.springframework.security.web.context.SecurityContextPersistenceFilter@70e405bd, org.springframework.security.web.header.HeaderWriterFilter@359121f5, org.springframework.security.web.authentication.logout.LogoutFilter@4f215fa7, org.springframework.security.web.authentication.www.BasicAuthenticationFilter@616bd5c3, org.springframework.security.web.savedrequest.RequestCacheAwareFilter@2d56fe1f, org.springframework.security.web.servletapi.SecurityContextHolderAwareRequestFilter@105d4230, org.springframework.security.web.authentication.AnonymousAuthenticationFilter@571f626c, org.springframework.security.web.session.SessionManagementFilter@5c6190fa, org.springframework.security.web.access.ExceptionTranslationFilter@3f0ff3dd, org.springframework.security.web.access.intercept.FilterSecurityInterceptor@790142bd]
2019-05-28 11:25:22.319  INFO 3332 --- [main] pertySourcedRequestMappingHandlerMapping : Mapped URL path [/v2/api-docs] onto method [public org.springframework.http.ResponseEntity<springfox.documentation.spring.web.json.Json> springfox.documentation.swagger2.web.Swagger2Controller.getDocumentation(java.lang.String,javax.servlet.http.HttpServletRequest)]
2019-05-28 11:25:23.438  INFO 3332 --- [main] o.s.s.concurrent.ThreadPoolTaskExecutor  : Initializing ExecutorService 'applicationTaskExecutor'
2019-05-28 11:25:25.155  INFO 3332 --- [main] d.s.w.p.DocumentationPluginsBootstrapper : Context refreshed
2019-05-28 11:25:25.322  INFO 3332 --- [main] d.s.w.p.DocumentationPluginsBootstrapper : Found 1 custom documentation plugin(s)
2019-05-28 11:25:25.454  INFO 3332 --- [main] s.d.s.w.s.ApiListingReferenceScanner     : Scanning for api listing references
2019-05-28 11:25:26.172  INFO 3332 --- [main] .d.s.w.r.o.CachingOperationNameGenerator : Generating unique operation named: handleUsingGET_1
2019-05-28 11:25:26.178  INFO 3332 --- [main] .d.s.w.r.o.CachingOperationNameGenerator : Generating unique operation named: handleUsingGET_2
2019-05-28 11:25:26.184  INFO 3332 --- [main] .d.s.w.r.o.CachingOperationNameGenerator : Generating unique operation named: handleUsingGET_3
2019-05-28 11:25:26.274  INFO 3332 --- [main] c.S.M.MovieBackEndApplicationTests       : Started MovieBackEndApplicationTests in 28.328 seconds (JVM running for 35.259)
2019-05-28 11:25:26.882  INFO 3332 --- [main] o.h.h.i.QueryTranslatorFactoryInitiator  : HHH000397: Using ASTQueryTranslatorFactory
2019-05-28 11:25:27.505  INFO 3332 --- [Thread-4] o.s.s.concurrent.ThreadPoolTaskExecutor  : Shutting down ExecutorService 'applicationTaskExecutor'
2019-05-28 11:25:27.519  INFO 3332 --- [Thread-4] j.LocalContainerEntityManagerFactoryBean : Closing JPA EntityManagerFactory for persistence unit 'default'
2019-05-28 11:25:27.520  INFO 3332 --- [Thread-4] .SchemaDropperImpl$DelayedDropActionImpl : HHH000477: Starting delayed evictData of schema as part of SessionFactory shut-down'
2019-05-28 11:25:27.770  WARN 3332 --- [Thread-4] o.h.engine.jdbc.spi.SqlExceptionHelper   : SQL Error: 90121, SQLState: 90121
2019-05-28 11:25:27.770 ERROR 3332 --- [Thread-4] o.h.engine.jdbc.spi.SqlExceptionHelper   : Database is already closed (to disable automatic closing at VM shutdown, add ";DB_CLOSE_ON_EXIT=FALSE" to the db URL) [90121-199]
2019-05-28 11:25:27.771  WARN 3332 --- [Thread-4] o.h.engine.jdbc.spi.SqlExceptionHelper   : SQL Error: 90121, SQLState: 90121
2019-05-28 11:25:27.772 ERROR 3332 --- [Thread-4] o.h.engine.jdbc.spi.SqlExceptionHelper   : Database is already closed (to disable automatic closing at VM shutdown, add ";DB_CLOSE_ON_EXIT=FALSE" to the db URL) [90121-199]
2019-05-28 11:25:27.772  INFO 3332 --- [Thread-4] o.s.b.f.support.DisposableBeanAdapter    : Invocation of destroy method failed on bean with name 'entityManagerFactory': org.hibernate.exception.JDBCConnectionException: Unable to release JDBC Connection used for DDL execution
2019-05-28 11:25:27.773  INFO 3332 --- [Thread-4] com.zaxxer.hikari.HikariDataSource       : HikariPool-1 - Shutdown initiated...
2019-05-28 11:25:27.778  INFO 3332 --- [Thread-4] com.zaxxer.hikari.HikariDataSource       : HikariPool-1 - Shutdown completed.
2019-05-28 11:26:47.933  INFO 2736 --- [main] c.S.M.MovieBackEndApplicationTests       : Starting MovieBackEndApplicationTests on IBMPF0P6NNP with PID 2736 (started by PMMuthama in E:\p2p\Safaricom\SafaricomHackathon)
2019-05-28 11:26:47.939  INFO 2736 --- [main] c.S.M.MovieBackEndApplicationTests       : No active profile set, falling back to default profiles: default
2019-05-28 11:26:52.241  INFO 2736 --- [main] .s.d.r.c.RepositoryConfigurationDelegate : Bootstrapping Spring Data repositories in DEFAULT mode.
2019-05-28 11:26:52.441  INFO 2736 --- [main] .s.d.r.c.RepositoryConfigurationDelegate : Finished Spring Data repository scanning in 174ms. Found 1 repository interfaces.
2019-05-28 11:26:54.256  INFO 2736 --- [main] trationDelegate$BeanPostProcessorChecker : Bean 'org.springframework.transaction.annotation.ProxyTransactionManagementConfiguration' of type [org.springframework.transaction.annotation.ProxyTransactionManagementConfiguration$$EnhancerBySpringCGLIB$$54f7a16e] is not eligible for getting processed by all BeanPostProcessors (for example: not eligible for auto-proxying)
2019-05-28 11:26:54.412  INFO 2736 --- [main] trationDelegate$BeanPostProcessorChecker : Bean 'org.springframework.hateoas.config.HateoasConfiguration' of type [org.springframework.hateoas.config.HateoasConfiguration$$EnhancerBySpringCGLIB$$d477eea0] is not eligible for getting processed by all BeanPostProcessors (for example: not eligible for auto-proxying)
2019-05-28 11:26:54.980  INFO 2736 --- [main] com.zaxxer.hikari.HikariDataSource       : HikariPool-1 - Starting...
2019-05-28 11:26:55.518  INFO 2736 --- [main] com.zaxxer.hikari.HikariDataSource       : HikariPool-1 - Start completed.
2019-05-28 11:26:55.734  INFO 2736 --- [main] o.hibernate.jpa.internal.util.LogHelper  : HHH000204: Processing PersistenceUnitInfo [
	name: default
	...]
2019-05-28 11:26:55.985  INFO 2736 --- [main] org.hibernate.Version                    : HHH000412: Hibernate Core {5.3.9.Final}
2019-05-28 11:26:55.991  INFO 2736 --- [main] org.hibernate.cfg.Environment            : HHH000206: hibernate.properties not found
2019-05-28 11:26:56.447  INFO 2736 --- [main] o.hibernate.annotations.common.Version   : HCANN000001: Hibernate Commons Annotations {5.0.4.Final}
2019-05-28 11:26:56.982  INFO 2736 --- [main] org.hibernate.dialect.Dialect            : HHH000400: Using dialect: org.hibernate.dialect.H2Dialect
2019-05-28 11:26:59.238  INFO 2736 --- [main] o.h.t.schema.internal.SchemaCreatorImpl  : HHH000476: Executing import script 'org.hibernate.tool.schema.internal.exec.ScriptSourceInputNonExistentImpl@2a13356e'
2019-05-28 11:26:59.247  INFO 2736 --- [main] j.LocalContainerEntityManagerFactoryBean : Initialized JPA EntityManagerFactory for persistence unit 'default'
2019-05-28 11:27:01.824  WARN 2736 --- [main] aWebConfiguration$JpaWebMvcConfiguration : spring.jpa.open-in-view is enabled by default. Therefore, database queries may be performed during view rendering. Explicitly configure spring.jpa.open-in-view to disable this warning
2019-05-28 11:27:03.397  INFO 2736 --- [main] o.s.b.a.e.web.EndpointLinksResolver      : Exposing 2 endpoint(s) beneath base path '/actuator'
2019-05-28 11:27:04.261  INFO 2736 --- [main] o.s.s.web.DefaultSecurityFilterChain     : Creating filter chain: Ant [pattern='/v2/api-docs'], []
2019-05-28 11:27:04.262  INFO 2736 --- [main] o.s.s.web.DefaultSecurityFilterChain     : Creating filter chain: Ant [pattern='/configuration/ui'], []
2019-05-28 11:27:04.263  INFO 2736 --- [main] o.s.s.web.DefaultSecurityFilterChain     : Creating filter chain: Ant [pattern='/swagger-resources'], []
2019-05-28 11:27:04.263  INFO 2736 --- [main] o.s.s.web.DefaultSecurityFilterChain     : Creating filter chain: Ant [pattern='/configuration/security'], []
2019-05-28 11:27:04.263  INFO 2736 --- [main] o.s.s.web.DefaultSecurityFilterChain     : Creating filter chain: Ant [pattern='/swagger-ui.html'], []
2019-05-28 11:27:04.264  INFO 2736 --- [main] o.s.s.web.DefaultSecurityFilterChain     : Creating filter chain: Ant [pattern='/webjars/**'], []
2019-05-28 11:27:04.584  INFO 2736 --- [main] o.s.s.web.DefaultSecurityFilterChain     : Creating filter chain: any request, [org.springframework.security.web.context.request.async.WebAsyncManagerIntegrationFilter@2ccb666c, org.springframework.security.web.context.SecurityContextPersistenceFilter@5949e0e1, org.springframework.security.web.header.HeaderWriterFilter@5bd22e1a, org.springframework.security.web.authentication.logout.LogoutFilter@1a89b68a, org.springframework.security.web.authentication.www.BasicAuthenticationFilter@6b256c04, org.springframework.security.web.savedrequest.RequestCacheAwareFilter@f65bcd, org.springframework.security.web.servletapi.SecurityContextHolderAwareRequestFilter@35b3c0d6, org.springframework.security.web.authentication.AnonymousAuthenticationFilter@2edb7325, org.springframework.security.web.session.SessionManagementFilter@7b842d4c, org.springframework.security.web.access.ExceptionTranslationFilter@7fc343, org.springframework.security.web.access.intercept.FilterSecurityInterceptor@8b042a5]
2019-05-28 11:27:04.736  INFO 2736 --- [main] pertySourcedRequestMappingHandlerMapping : Mapped URL path [/v2/api-docs] onto method [public org.springframework.http.ResponseEntity<springfox.documentation.spring.web.json.Json> springfox.documentation.swagger2.web.Swagger2Controller.getDocumentation(java.lang.String,javax.servlet.http.HttpServletRequest)]
2019-05-28 11:27:05.751  INFO 2736 --- [main] o.s.s.concurrent.ThreadPoolTaskExecutor  : Initializing ExecutorService 'applicationTaskExecutor'
2019-05-28 11:27:07.181  INFO 2736 --- [main] d.s.w.p.DocumentationPluginsBootstrapper : Context refreshed
2019-05-28 11:27:07.273  INFO 2736 --- [main] d.s.w.p.DocumentationPluginsBootstrapper : Found 1 custom documentation plugin(s)
2019-05-28 11:27:07.351  INFO 2736 --- [main] s.d.s.w.s.ApiListingReferenceScanner     : Scanning for api listing references
2019-05-28 11:27:07.864  INFO 2736 --- [main] .d.s.w.r.o.CachingOperationNameGenerator : Generating unique operation named: handleUsingGET_1
2019-05-28 11:27:07.881  INFO 2736 --- [main] .d.s.w.r.o.CachingOperationNameGenerator : Generating unique operation named: handleUsingGET_2
2019-05-28 11:27:07.886  INFO 2736 --- [main] .d.s.w.r.o.CachingOperationNameGenerator : Generating unique operation named: handleUsingGET_3
2019-05-28 11:27:07.994  INFO 2736 --- [main] c.S.M.MovieBackEndApplicationTests       : Started MovieBackEndApplicationTests in 20.956 seconds (JVM running for 23.874)
2019-05-28 11:27:08.502  INFO 2736 --- [main] o.h.h.i.QueryTranslatorFactoryInitiator  : HHH000397: Using ASTQueryTranslatorFactory
2019-05-28 11:27:09.887  INFO 2736 --- [Thread-4] o.s.s.concurrent.ThreadPoolTaskExecutor  : Shutting down ExecutorService 'applicationTaskExecutor'
2019-05-28 11:27:09.896  INFO 2736 --- [Thread-4] j.LocalContainerEntityManagerFactoryBean : Closing JPA EntityManagerFactory for persistence unit 'default'
2019-05-28 11:27:09.897  INFO 2736 --- [Thread-4] .SchemaDropperImpl$DelayedDropActionImpl : HHH000477: Starting delayed evictData of schema as part of SessionFactory shut-down'
2019-05-28 11:27:09.900  WARN 2736 --- [Thread-4] o.h.engine.jdbc.spi.SqlExceptionHelper   : SQL Error: 90121, SQLState: 90121
2019-05-28 11:27:09.901 ERROR 2736 --- [Thread-4] o.h.engine.jdbc.spi.SqlExceptionHelper   : Database is already closed (to disable automatic closing at VM shutdown, add ";DB_CLOSE_ON_EXIT=FALSE" to the db URL) [90121-199]
2019-05-28 11:27:10.204  WARN 2736 --- [Thread-4] o.h.engine.jdbc.spi.SqlExceptionHelper   : SQL Error: 90121, SQLState: 90121
2019-05-28 11:27:10.205 ERROR 2736 --- [Thread-4] o.h.engine.jdbc.spi.SqlExceptionHelper   : Database is already closed (to disable automatic closing at VM shutdown, add ";DB_CLOSE_ON_EXIT=FALSE" to the db URL) [90121-199]
2019-05-28 11:27:10.205  INFO 2736 --- [Thread-4] o.s.b.f.support.DisposableBeanAdapter    : Invocation of destroy method failed on bean with name 'entityManagerFactory': org.hibernate.exception.JDBCConnectionException: Unable to release JDBC Connection used for DDL execution
2019-05-28 11:27:10.206  INFO 2736 --- [Thread-4] com.zaxxer.hikari.HikariDataSource       : HikariPool-1 - Shutdown initiated...
2019-05-28 11:27:10.212  INFO 2736 --- [Thread-4] com.zaxxer.hikari.HikariDataSource       : HikariPool-1 - Shutdown completed.
2019-05-28 11:52:55.724  INFO 14648 --- [main] c.S.M.MovieBackEndApplication            : Starting MovieBackEndApplication on IBMPF0P6NNP with PID 14648 (E:\p2p\Safaricom\SafaricomHackathon\target\classes started by PMMuthama in E:\p2p\Safaricom\SafaricomHackathon)
2019-05-28 11:52:55.766  INFO 14648 --- [main] c.S.M.MovieBackEndApplication            : No active profile set, falling back to default profiles: default
2019-05-28 11:52:59.766  INFO 14648 --- [main] .s.d.r.c.RepositoryConfigurationDelegate : Bootstrapping Spring Data repositories in DEFAULT mode.
2019-05-28 11:52:59.958  INFO 14648 --- [main] .s.d.r.c.RepositoryConfigurationDelegate : Finished Spring Data repository scanning in 165ms. Found 1 repository interfaces.
2019-05-28 11:53:01.199  INFO 14648 --- [main] trationDelegate$BeanPostProcessorChecker : Bean 'org.springframework.transaction.annotation.ProxyTransactionManagementConfiguration' of type [org.springframework.transaction.annotation.ProxyTransactionManagementConfiguration$$EnhancerBySpringCGLIB$$2f59c5b4] is not eligible for getting processed by all BeanPostProcessors (for example: not eligible for auto-proxying)
2019-05-28 11:53:01.308  INFO 14648 --- [main] trationDelegate$BeanPostProcessorChecker : Bean 'org.springframework.hateoas.config.HateoasConfiguration' of type [org.springframework.hateoas.config.HateoasConfiguration$$EnhancerBySpringCGLIB$$aeda12e6] is not eligible for getting processed by all BeanPostProcessors (for example: not eligible for auto-proxying)
2019-05-28 11:53:17.558  INFO 14648 --- [main] o.s.b.w.embedded.tomcat.TomcatWebServer  : Tomcat initialized with port(s): 8080 (http)
2019-05-28 11:53:18.101  INFO 14648 --- [main] o.apache.catalina.core.StandardService   : Starting service [Tomcat]
2019-05-28 11:53:18.102  INFO 14648 --- [main] org.apache.catalina.core.StandardEngine  : Starting Servlet engine: [Apache Tomcat/9.0.17]
2019-05-28 11:53:24.139  INFO 14648 --- [main] o.a.c.c.C.[Tomcat].[localhost].[/]       : Initializing Spring embedded WebApplicationContext
2019-05-28 11:53:24.144  INFO 14648 --- [main] o.s.web.context.ContextLoader            : Root WebApplicationContext: initialization completed in 28288 ms
2019-05-28 11:53:29.536  INFO 14648 --- [main] com.zaxxer.hikari.HikariDataSource       : HikariPool-1 - Starting...
2019-05-28 11:53:30.075  INFO 14648 --- [main] com.zaxxer.hikari.HikariDataSource       : HikariPool-1 - Start completed.
2019-05-28 11:53:31.001  INFO 14648 --- [main] o.hibernate.jpa.internal.util.LogHelper  : HHH000204: Processing PersistenceUnitInfo [
	name: default
	...]
2019-05-28 11:53:32.255  INFO 14648 --- [main] org.hibernate.Version                    : HHH000412: Hibernate Core {5.3.9.Final}
2019-05-28 11:53:32.259  INFO 14648 --- [main] org.hibernate.cfg.Environment            : HHH000206: hibernate.properties not found
2019-05-28 11:53:33.967  INFO 14648 --- [main] o.hibernate.annotations.common.Version   : HCANN000001: Hibernate Commons Annotations {5.0.4.Final}
2019-05-28 11:53:35.211  INFO 14648 --- [main] org.hibernate.dialect.Dialect            : HHH000400: Using dialect: org.hibernate.dialect.H2Dialect
2019-05-28 11:53:37.581  INFO 14648 --- [main] o.h.t.schema.internal.SchemaCreatorImpl  : HHH000476: Executing import script 'org.hibernate.tool.schema.internal.exec.ScriptSourceInputNonExistentImpl@31a9161e'
2019-05-28 11:53:37.617  INFO 14648 --- [main] j.LocalContainerEntityManagerFactoryBean : Initialized JPA EntityManagerFactory for persistence unit 'default'
2019-05-28 11:53:39.691  WARN 14648 --- [main] aWebConfiguration$JpaWebMvcConfiguration : spring.jpa.open-in-view is enabled by default. Therefore, database queries may be performed during view rendering. Explicitly configure spring.jpa.open-in-view to disable this warning
2019-05-28 11:53:40.360  INFO 14648 --- [main] o.s.b.a.e.web.EndpointLinksResolver      : Exposing 2 endpoint(s) beneath base path '/actuator'
2019-05-28 11:53:41.793  INFO 14648 --- [main] o.s.s.web.DefaultSecurityFilterChain     : Creating filter chain: Ant [pattern='/v2/api-docs'], []
2019-05-28 11:53:41.795  INFO 14648 --- [main] o.s.s.web.DefaultSecurityFilterChain     : Creating filter chain: Ant [pattern='/configuration/ui'], []
2019-05-28 11:53:41.796  INFO 14648 --- [main] o.s.s.web.DefaultSecurityFilterChain     : Creating filter chain: Ant [pattern='/swagger-resources'], []
2019-05-28 11:53:41.797  INFO 14648 --- [main] o.s.s.web.DefaultSecurityFilterChain     : Creating filter chain: Ant [pattern='/configuration/security'], []
2019-05-28 11:53:41.798  INFO 14648 --- [main] o.s.s.web.DefaultSecurityFilterChain     : Creating filter chain: Ant [pattern='/swagger-ui.html'], []
2019-05-28 11:53:41.799  INFO 14648 --- [main] o.s.s.web.DefaultSecurityFilterChain     : Creating filter chain: Ant [pattern='/webjars/**'], []
2019-05-28 11:53:42.001  INFO 14648 --- [main] o.s.s.web.DefaultSecurityFilterChain     : Creating filter chain: any request, [org.springframework.security.web.context.request.async.WebAsyncManagerIntegrationFilter@60dc1a97, org.springframework.security.web.context.SecurityContextPersistenceFilter@31b6261, org.springframework.security.web.header.HeaderWriterFilter@d3c5b7e, org.springframework.security.web.authentication.logout.LogoutFilter@73c4f219, org.springframework.security.web.authentication.www.BasicAuthenticationFilter@73b90859, org.springframework.security.web.savedrequest.RequestCacheAwareFilter@10b73d84, org.springframework.security.web.servletapi.SecurityContextHolderAwareRequestFilter@26eb8283, org.springframework.security.web.authentication.AnonymousAuthenticationFilter@6a2b41df, org.springframework.security.web.session.SessionManagementFilter@5882fe23, org.springframework.security.web.access.ExceptionTranslationFilter@2b1144e3, org.springframework.security.web.access.intercept.FilterSecurityInterceptor@416dc7a]
2019-05-28 11:53:42.174  INFO 14648 --- [main] pertySourcedRequestMappingHandlerMapping : Mapped URL path [/v2/api-docs] onto method [public org.springframework.http.ResponseEntity<springfox.documentation.spring.web.json.Json> springfox.documentation.swagger2.web.Swagger2Controller.getDocumentation(java.lang.String,javax.servlet.http.HttpServletRequest)]
2019-05-28 11:53:42.676  INFO 14648 --- [main] o.s.s.concurrent.ThreadPoolTaskExecutor  : Initializing ExecutorService 'applicationTaskExecutor'
2019-05-28 11:53:44.378  INFO 14648 --- [main] d.s.w.p.DocumentationPluginsBootstrapper : Context refreshed
2019-05-28 11:53:44.598  INFO 14648 --- [main] d.s.w.p.DocumentationPluginsBootstrapper : Found 1 custom documentation plugin(s)
2019-05-28 11:53:44.704  INFO 14648 --- [main] s.d.s.w.s.ApiListingReferenceScanner     : Scanning for api listing references
2019-05-28 11:53:45.076  INFO 14648 --- [main] .d.s.w.r.o.CachingOperationNameGenerator : Generating unique operation named: handleUsingGET_1
2019-05-28 11:53:45.082  INFO 14648 --- [main] .d.s.w.r.o.CachingOperationNameGenerator : Generating unique operation named: handleUsingGET_2
2019-05-28 11:53:45.090  INFO 14648 --- [main] .d.s.w.r.o.CachingOperationNameGenerator : Generating unique operation named: handleUsingGET_3
2019-05-28 11:53:45.517 ERROR 14648 --- [main] org.apache.catalina.util.LifecycleBase   : Failed to start component [Connector[HTTP/1.1-8080]]

org.apache.catalina.LifecycleException: Protocol handler start failed
	at org.apache.catalina.connector.Connector.startInternal(Connector.java:1008) ~[tomcat-embed-core-9.0.17.jar:9.0.17]
	at org.apache.catalina.util.LifecycleBase.start(LifecycleBase.java:183) ~[tomcat-embed-core-9.0.17.jar:9.0.17]
	at org.apache.catalina.core.StandardService.addConnector(StandardService.java:226) [tomcat-embed-core-9.0.17.jar:9.0.17]
	at org.springframework.boot.web.embedded.tomcat.TomcatWebServer.addPreviouslyRemovedConnectors(TomcatWebServer.java:259) [spring-boot-2.1.4.RELEASE.jar:2.1.4.RELEASE]
	at org.springframework.boot.web.embedded.tomcat.TomcatWebServer.start(TomcatWebServer.java:197) [spring-boot-2.1.4.RELEASE.jar:2.1.4.RELEASE]
	at org.springframework.boot.web.servlet.context.ServletWebServerApplicationContext.startWebServer(ServletWebServerApplicationContext.java:311) [spring-boot-2.1.4.RELEASE.jar:2.1.4.RELEASE]
	at org.springframework.boot.web.servlet.context.ServletWebServerApplicationContext.finishRefresh(ServletWebServerApplicationContext.java:164) [spring-boot-2.1.4.RELEASE.jar:2.1.4.RELEASE]
	at org.springframework.context.support.AbstractApplicationContext.refresh(AbstractApplicationContext.java:552) [spring-context-5.1.6.RELEASE.jar:5.1.6.RELEASE]
	at org.springframework.boot.web.servlet.context.ServletWebServerApplicationContext.refresh(ServletWebServerApplicationContext.java:142) [spring-boot-2.1.4.RELEASE.jar:2.1.4.RELEASE]
	at org.springframework.boot.SpringApplication.refresh(SpringApplication.java:775) [spring-boot-2.1.4.RELEASE.jar:2.1.4.RELEASE]
	at org.springframework.boot.SpringApplication.refreshContext(SpringApplication.java:397) [spring-boot-2.1.4.RELEASE.jar:2.1.4.RELEASE]
	at org.springframework.boot.SpringApplication.run(SpringApplication.java:316) [spring-boot-2.1.4.RELEASE.jar:2.1.4.RELEASE]
	at org.springframework.boot.SpringApplication.run(SpringApplication.java:1260) [spring-boot-2.1.4.RELEASE.jar:2.1.4.RELEASE]
	at org.springframework.boot.SpringApplication.run(SpringApplication.java:1248) [spring-boot-2.1.4.RELEASE.jar:2.1.4.RELEASE]
	at com.SAF.MovieBackEnd.MovieBackEndApplication.main(MovieBackEndApplication.java:10) [classes/:na]
	at sun.reflect.NativeMethodAccessorImpl.invoke0(Native Method) ~[na:1.8.0_181]
	at sun.reflect.NativeMethodAccessorImpl.invoke(NativeMethodAccessorImpl.java:62) ~[na:1.8.0_181]
	at sun.reflect.DelegatingMethodAccessorImpl.invoke(DelegatingMethodAccessorImpl.java:43) ~[na:1.8.0_181]
	at java.lang.reflect.Method.invoke(Method.java:498) ~[na:1.8.0_181]
	at org.springframework.boot.maven.AbstractRunMojo$LaunchRunner.run(AbstractRunMojo.java:558) [spring-boot-maven-plugin-2.1.4.RELEASE.jar:2.1.4.RELEASE]
	at java.lang.Thread.run(Thread.java:748) [na:1.8.0_181]
Caused by: java.net.BindException: Address already in use: bind
	at sun.nio.ch.Net.bind0(Native Method) ~[na:1.8.0_181]
	at sun.nio.ch.Net.bind(Net.java:433) ~[na:1.8.0_181]
	at sun.nio.ch.Net.bind(Net.java:425) ~[na:1.8.0_181]
	at sun.nio.ch.ServerSocketChannelImpl.bind(ServerSocketChannelImpl.java:223) ~[na:1.8.0_181]
	at sun.nio.ch.ServerSocketAdaptor.bind(ServerSocketAdaptor.java:74) ~[na:1.8.0_181]
	at org.apache.tomcat.util.net.NioEndpoint.initServerSocket(NioEndpoint.java:236) ~[tomcat-embed-core-9.0.17.jar:9.0.17]
	at org.apache.tomcat.util.net.NioEndpoint.bind(NioEndpoint.java:210) ~[tomcat-embed-core-9.0.17.jar:9.0.17]
	at org.apache.tomcat.util.net.AbstractEndpoint.bindWithCleanup(AbstractEndpoint.java:1103) ~[tomcat-embed-core-9.0.17.jar:9.0.17]
	at org.apache.tomcat.util.net.AbstractEndpoint.start(AbstractEndpoint.java:1189) ~[tomcat-embed-core-9.0.17.jar:9.0.17]
	at org.apache.coyote.AbstractProtocol.start(AbstractProtocol.java:568) ~[tomcat-embed-core-9.0.17.jar:9.0.17]
	at org.apache.catalina.connector.Connector.startInternal(Connector.java:1005) ~[tomcat-embed-core-9.0.17.jar:9.0.17]
	... 20 common frames omitted

2019-05-28 11:53:45.635  INFO 14648 --- [main] o.apache.catalina.core.StandardService   : Stopping service [Tomcat]
2019-05-28 11:53:45.656  INFO 14648 --- [main] ConditionEvaluationReportLoggingListener : 

Error starting ApplicationContext. To display the conditions report re-run your application with 'debug' enabled.
2019-05-28 11:53:45.669 ERROR 14648 --- [main] o.s.b.d.LoggingFailureAnalysisReporter   : 

***************************
APPLICATION FAILED TO START
***************************

Description:

The Tomcat connector configured to listen on port 8080 failed to start. The port may already be in use or the connector may be misconfigured.

Action:

Verify the connector's configuration, identify and stop any process that's listening on port 8080, or configure this application to listen on another port.

2019-05-28 11:53:45.829  INFO 14648 --- [main] o.s.s.concurrent.ThreadPoolTaskExecutor  : Shutting down ExecutorService 'applicationTaskExecutor'
2019-05-28 11:53:45.836  INFO 14648 --- [main] j.LocalContainerEntityManagerFactoryBean : Closing JPA EntityManagerFactory for persistence unit 'default'
2019-05-28 11:53:45.838  INFO 14648 --- [main] .SchemaDropperImpl$DelayedDropActionImpl : HHH000477: Starting delayed evictData of schema as part of SessionFactory shut-down'
2019-05-28 11:53:45.871  INFO 14648 --- [main] com.zaxxer.hikari.HikariDataSource       : HikariPool-1 - Shutdown initiated...
2019-05-28 11:53:45.878  INFO 14648 --- [main] com.zaxxer.hikari.HikariDataSource       : HikariPool-1 - Shutdown completed.
2019-05-28 11:56:10.048  INFO 6712 --- [main] c.S.M.MovieBackEndApplication            : Starting MovieBackEndApplication on IBMPF0P6NNP with PID 6712 (E:\p2p\Safaricom\SafaricomHackathon\target\classes started by PMMuthama in E:\p2p\Safaricom\SafaricomHackathon)
2019-05-28 11:56:10.059  INFO 6712 --- [main] c.S.M.MovieBackEndApplication            : No active profile set, falling back to default profiles: default
2019-05-28 11:56:12.617  INFO 6712 --- [main] .s.d.r.c.RepositoryConfigurationDelegate : Bootstrapping Spring Data repositories in DEFAULT mode.
2019-05-28 11:56:12.732  INFO 6712 --- [main] .s.d.r.c.RepositoryConfigurationDelegate : Finished Spring Data repository scanning in 97ms. Found 1 repository interfaces.
2019-05-28 11:56:13.688  INFO 6712 --- [main] trationDelegate$BeanPostProcessorChecker : Bean 'org.springframework.transaction.annotation.ProxyTransactionManagementConfiguration' of type [org.springframework.transaction.annotation.ProxyTransactionManagementConfiguration$$EnhancerBySpringCGLIB$$a9b20195] is not eligible for getting processed by all BeanPostProcessors (for example: not eligible for auto-proxying)
2019-05-28 11:56:13.756  INFO 6712 --- [main] trationDelegate$BeanPostProcessorChecker : Bean 'org.springframework.hateoas.config.HateoasConfiguration' of type [org.springframework.hateoas.config.HateoasConfiguration$$EnhancerBySpringCGLIB$$29324ec7] is not eligible for getting processed by all BeanPostProcessors (for example: not eligible for auto-proxying)
2019-05-28 11:56:14.514  INFO 6712 --- [main] o.s.b.w.embedded.tomcat.TomcatWebServer  : Tomcat initialized with port(s): 8080 (http)
2019-05-28 11:56:14.572  INFO 6712 --- [main] o.apache.catalina.core.StandardService   : Starting service [Tomcat]
2019-05-28 11:56:14.573  INFO 6712 --- [main] org.apache.catalina.core.StandardEngine  : Starting Servlet engine: [Apache Tomcat/9.0.17]
2019-05-28 11:56:14.750  INFO 6712 --- [main] o.a.c.c.C.[Tomcat].[localhost].[/]       : Initializing Spring embedded WebApplicationContext
2019-05-28 11:56:14.751  INFO 6712 --- [main] o.s.web.context.ContextLoader            : Root WebApplicationContext: initialization completed in 4579 ms
2019-05-28 11:56:16.446  INFO 6712 --- [main] com.zaxxer.hikari.HikariDataSource       : HikariPool-1 - Starting...
2019-05-28 11:56:16.750  INFO 6712 --- [main] com.zaxxer.hikari.HikariDataSource       : HikariPool-1 - Start completed.
2019-05-28 11:56:16.910  INFO 6712 --- [main] o.hibernate.jpa.internal.util.LogHelper  : HHH000204: Processing PersistenceUnitInfo [
	name: default
	...]
2019-05-28 11:56:17.504  INFO 6712 --- [main] org.hibernate.Version                    : HHH000412: Hibernate Core {5.3.9.Final}
2019-05-28 11:56:17.508  INFO 6712 --- [main] org.hibernate.cfg.Environment            : HHH000206: hibernate.properties not found
2019-05-28 11:56:17.795  INFO 6712 --- [main] o.hibernate.annotations.common.Version   : HCANN000001: Hibernate Commons Annotations {5.0.4.Final}
2019-05-28 11:56:18.094  INFO 6712 --- [main] org.hibernate.dialect.Dialect            : HHH000400: Using dialect: org.hibernate.dialect.H2Dialect
2019-05-28 11:56:19.361  INFO 6712 --- [main] o.h.t.schema.internal.SchemaCreatorImpl  : HHH000476: Executing import script 'org.hibernate.tool.schema.internal.exec.ScriptSourceInputNonExistentImpl@6a661d0f'
2019-05-28 11:56:19.367  INFO 6712 --- [main] j.LocalContainerEntityManagerFactoryBean : Initialized JPA EntityManagerFactory for persistence unit 'default'
2019-05-28 11:56:20.793  WARN 6712 --- [main] aWebConfiguration$JpaWebMvcConfiguration : spring.jpa.open-in-view is enabled by default. Therefore, database queries may be performed during view rendering. Explicitly configure spring.jpa.open-in-view to disable this warning
2019-05-28 11:56:21.341  INFO 6712 --- [main] o.s.b.a.e.web.EndpointLinksResolver      : Exposing 2 endpoint(s) beneath base path '/actuator'
2019-05-28 11:56:21.909  INFO 6712 --- [main] o.s.s.web.DefaultSecurityFilterChain     : Creating filter chain: Ant [pattern='/v2/api-docs'], []
2019-05-28 11:56:21.910  INFO 6712 --- [main] o.s.s.web.DefaultSecurityFilterChain     : Creating filter chain: Ant [pattern='/configuration/ui'], []
2019-05-28 11:56:21.911  INFO 6712 --- [main] o.s.s.web.DefaultSecurityFilterChain     : Creating filter chain: Ant [pattern='/swagger-resources'], []
2019-05-28 11:56:21.912  INFO 6712 --- [main] o.s.s.web.DefaultSecurityFilterChain     : Creating filter chain: Ant [pattern='/configuration/security'], []
2019-05-28 11:56:21.914  INFO 6712 --- [main] o.s.s.web.DefaultSecurityFilterChain     : Creating filter chain: Ant [pattern='/swagger-ui.html'], []
2019-05-28 11:56:21.914  INFO 6712 --- [main] o.s.s.web.DefaultSecurityFilterChain     : Creating filter chain: Ant [pattern='/webjars/**'], []
2019-05-28 11:56:22.110  INFO 6712 --- [main] o.s.s.web.DefaultSecurityFilterChain     : Creating filter chain: any request, [org.springframework.security.web.context.request.async.WebAsyncManagerIntegrationFilter@8bff063, org.springframework.security.web.context.SecurityContextPersistenceFilter@1300fe7b, org.springframework.security.web.header.HeaderWriterFilter@71ae2a1c, org.springframework.security.web.authentication.logout.LogoutFilter@3035d1a3, org.springframework.security.web.authentication.www.BasicAuthenticationFilter@73805f98, org.springframework.security.web.savedrequest.RequestCacheAwareFilter@2a1e658d, org.springframework.security.web.servletapi.SecurityContextHolderAwareRequestFilter@1faf437a, org.springframework.security.web.authentication.AnonymousAuthenticationFilter@3c251248, org.springframework.security.web.session.SessionManagementFilter@591c7448, org.springframework.security.web.access.ExceptionTranslationFilter@4e02b812, org.springframework.security.web.access.intercept.FilterSecurityInterceptor@1e5eff1b]
2019-05-28 11:56:22.235  INFO 6712 --- [main] pertySourcedRequestMappingHandlerMapping : Mapped URL path [/v2/api-docs] onto method [public org.springframework.http.ResponseEntity<springfox.documentation.spring.web.json.Json> springfox.documentation.swagger2.web.Swagger2Controller.getDocumentation(java.lang.String,javax.servlet.http.HttpServletRequest)]
2019-05-28 11:56:22.888  INFO 6712 --- [main] o.s.s.concurrent.ThreadPoolTaskExecutor  : Initializing ExecutorService 'applicationTaskExecutor'
2019-05-28 11:56:23.886  INFO 6712 --- [main] d.s.w.p.DocumentationPluginsBootstrapper : Context refreshed
2019-05-28 11:56:23.930  INFO 6712 --- [main] d.s.w.p.DocumentationPluginsBootstrapper : Found 1 custom documentation plugin(s)
2019-05-28 11:56:23.986  INFO 6712 --- [main] s.d.s.w.s.ApiListingReferenceScanner     : Scanning for api listing references
2019-05-28 11:56:24.231  INFO 6712 --- [main] .d.s.w.r.o.CachingOperationNameGenerator : Generating unique operation named: handleUsingGET_1
2019-05-28 11:56:24.236  INFO 6712 --- [main] .d.s.w.r.o.CachingOperationNameGenerator : Generating unique operation named: handleUsingGET_2
2019-05-28 11:56:24.243  INFO 6712 --- [main] .d.s.w.r.o.CachingOperationNameGenerator : Generating unique operation named: handleUsingGET_3
2019-05-28 11:56:24.310 ERROR 6712 --- [main] org.apache.catalina.util.LifecycleBase   : Failed to start component [Connector[HTTP/1.1-8080]]

org.apache.catalina.LifecycleException: Protocol handler start failed
	at org.apache.catalina.connector.Connector.startInternal(Connector.java:1008) ~[tomcat-embed-core-9.0.17.jar:9.0.17]
	at org.apache.catalina.util.LifecycleBase.start(LifecycleBase.java:183) ~[tomcat-embed-core-9.0.17.jar:9.0.17]
	at org.apache.catalina.core.StandardService.addConnector(StandardService.java:226) [tomcat-embed-core-9.0.17.jar:9.0.17]
	at org.springframework.boot.web.embedded.tomcat.TomcatWebServer.addPreviouslyRemovedConnectors(TomcatWebServer.java:259) [spring-boot-2.1.4.RELEASE.jar:2.1.4.RELEASE]
	at org.springframework.boot.web.embedded.tomcat.TomcatWebServer.start(TomcatWebServer.java:197) [spring-boot-2.1.4.RELEASE.jar:2.1.4.RELEASE]
	at org.springframework.boot.web.servlet.context.ServletWebServerApplicationContext.startWebServer(ServletWebServerApplicationContext.java:311) [spring-boot-2.1.4.RELEASE.jar:2.1.4.RELEASE]
	at org.springframework.boot.web.servlet.context.ServletWebServerApplicationContext.finishRefresh(ServletWebServerApplicationContext.java:164) [spring-boot-2.1.4.RELEASE.jar:2.1.4.RELEASE]
	at org.springframework.context.support.AbstractApplicationContext.refresh(AbstractApplicationContext.java:552) [spring-context-5.1.6.RELEASE.jar:5.1.6.RELEASE]
	at org.springframework.boot.web.servlet.context.ServletWebServerApplicationContext.refresh(ServletWebServerApplicationContext.java:142) [spring-boot-2.1.4.RELEASE.jar:2.1.4.RELEASE]
	at org.springframework.boot.SpringApplication.refresh(SpringApplication.java:775) [spring-boot-2.1.4.RELEASE.jar:2.1.4.RELEASE]
	at org.springframework.boot.SpringApplication.refreshContext(SpringApplication.java:397) [spring-boot-2.1.4.RELEASE.jar:2.1.4.RELEASE]
	at org.springframework.boot.SpringApplication.run(SpringApplication.java:316) [spring-boot-2.1.4.RELEASE.jar:2.1.4.RELEASE]
	at org.springframework.boot.SpringApplication.run(SpringApplication.java:1260) [spring-boot-2.1.4.RELEASE.jar:2.1.4.RELEASE]
	at org.springframework.boot.SpringApplication.run(SpringApplication.java:1248) [spring-boot-2.1.4.RELEASE.jar:2.1.4.RELEASE]
	at com.SAF.MovieBackEnd.MovieBackEndApplication.main(MovieBackEndApplication.java:10) [classes/:na]
	at sun.reflect.NativeMethodAccessorImpl.invoke0(Native Method) ~[na:1.8.0_181]
	at sun.reflect.NativeMethodAccessorImpl.invoke(NativeMethodAccessorImpl.java:62) ~[na:1.8.0_181]
	at sun.reflect.DelegatingMethodAccessorImpl.invoke(DelegatingMethodAccessorImpl.java:43) ~[na:1.8.0_181]
	at java.lang.reflect.Method.invoke(Method.java:498) ~[na:1.8.0_181]
	at org.springframework.boot.maven.AbstractRunMojo$LaunchRunner.run(AbstractRunMojo.java:558) [spring-boot-maven-plugin-2.1.4.RELEASE.jar:2.1.4.RELEASE]
	at java.lang.Thread.run(Thread.java:748) [na:1.8.0_181]
Caused by: java.net.BindException: Address already in use: bind
	at sun.nio.ch.Net.bind0(Native Method) ~[na:1.8.0_181]
	at sun.nio.ch.Net.bind(Net.java:433) ~[na:1.8.0_181]
	at sun.nio.ch.Net.bind(Net.java:425) ~[na:1.8.0_181]
	at sun.nio.ch.ServerSocketChannelImpl.bind(ServerSocketChannelImpl.java:223) ~[na:1.8.0_181]
	at sun.nio.ch.ServerSocketAdaptor.bind(ServerSocketAdaptor.java:74) ~[na:1.8.0_181]
	at org.apache.tomcat.util.net.NioEndpoint.initServerSocket(NioEndpoint.java:236) ~[tomcat-embed-core-9.0.17.jar:9.0.17]
	at org.apache.tomcat.util.net.NioEndpoint.bind(NioEndpoint.java:210) ~[tomcat-embed-core-9.0.17.jar:9.0.17]
	at org.apache.tomcat.util.net.AbstractEndpoint.bindWithCleanup(AbstractEndpoint.java:1103) ~[tomcat-embed-core-9.0.17.jar:9.0.17]
	at org.apache.tomcat.util.net.AbstractEndpoint.start(AbstractEndpoint.java:1189) ~[tomcat-embed-core-9.0.17.jar:9.0.17]
	at org.apache.coyote.AbstractProtocol.start(AbstractProtocol.java:568) ~[tomcat-embed-core-9.0.17.jar:9.0.17]
	at org.apache.catalina.connector.Connector.startInternal(Connector.java:1005) ~[tomcat-embed-core-9.0.17.jar:9.0.17]
	... 20 common frames omitted

2019-05-28 11:56:24.371  INFO 6712 --- [main] o.apache.catalina.core.StandardService   : Stopping service [Tomcat]
2019-05-28 11:56:24.390  INFO 6712 --- [main] ConditionEvaluationReportLoggingListener : 

Error starting ApplicationContext. To display the conditions report re-run your application with 'debug' enabled.
2019-05-28 11:56:24.402 ERROR 6712 --- [main] o.s.b.d.LoggingFailureAnalysisReporter   : 

***************************
APPLICATION FAILED TO START
***************************

Description:

The Tomcat connector configured to listen on port 8080 failed to start. The port may already be in use or the connector may be misconfigured.

Action:

Verify the connector's configuration, identify and stop any process that's listening on port 8080, or configure this application to listen on another port.

2019-05-28 11:56:24.438  INFO 6712 --- [main] o.s.s.concurrent.ThreadPoolTaskExecutor  : Shutting down ExecutorService 'applicationTaskExecutor'
2019-05-28 11:56:24.447  INFO 6712 --- [main] j.LocalContainerEntityManagerFactoryBean : Closing JPA EntityManagerFactory for persistence unit 'default'
2019-05-28 11:56:24.449  INFO 6712 --- [main] .SchemaDropperImpl$DelayedDropActionImpl : HHH000477: Starting delayed evictData of schema as part of SessionFactory shut-down'
2019-05-28 11:56:24.466  INFO 6712 --- [main] com.zaxxer.hikari.HikariDataSource       : HikariPool-1 - Shutdown initiated...
2019-05-28 11:56:24.476  INFO 6712 --- [main] com.zaxxer.hikari.HikariDataSource       : HikariPool-1 - Shutdown completed.
2019-05-28 11:56:55.364  INFO 1916 --- [main] c.S.M.MovieBackEndApplication            : Starting MovieBackEndApplication on IBMPF0P6NNP with PID 1916 (E:\p2p\Safaricom\SafaricomHackathon\target\classes started by PMMuthama in E:\p2p\Safaricom\SafaricomHackathon)
2019-05-28 11:56:55.374  INFO 1916 --- [main] c.S.M.MovieBackEndApplication            : No active profile set, falling back to default profiles: default
2019-05-28 11:56:57.810  INFO 1916 --- [main] .s.d.r.c.RepositoryConfigurationDelegate : Bootstrapping Spring Data repositories in DEFAULT mode.
2019-05-28 11:56:57.926  INFO 1916 --- [main] .s.d.r.c.RepositoryConfigurationDelegate : Finished Spring Data repository scanning in 98ms. Found 1 repository interfaces.
2019-05-28 11:56:58.882  INFO 1916 --- [main] trationDelegate$BeanPostProcessorChecker : Bean 'org.springframework.transaction.annotation.ProxyTransactionManagementConfiguration' of type [org.springframework.transaction.annotation.ProxyTransactionManagementConfiguration$$EnhancerBySpringCGLIB$$1d82d487] is not eligible for getting processed by all BeanPostProcessors (for example: not eligible for auto-proxying)
2019-05-28 11:56:58.960  INFO 1916 --- [main] trationDelegate$BeanPostProcessorChecker : Bean 'org.springframework.hateoas.config.HateoasConfiguration' of type [org.springframework.hateoas.config.HateoasConfiguration$$EnhancerBySpringCGLIB$$9d0321b9] is not eligible for getting processed by all BeanPostProcessors (for example: not eligible for auto-proxying)
2019-05-28 11:56:59.736  INFO 1916 --- [main] o.s.b.w.embedded.tomcat.TomcatWebServer  : Tomcat initialized with port(s): 8081 (http)
2019-05-28 11:56:59.794  INFO 1916 --- [main] o.apache.catalina.core.StandardService   : Starting service [Tomcat]
2019-05-28 11:56:59.797  INFO 1916 --- [main] org.apache.catalina.core.StandardEngine  : Starting Servlet engine: [Apache Tomcat/9.0.17]
2019-05-28 11:56:59.984  INFO 1916 --- [main] o.a.c.c.C.[Tomcat].[localhost].[/]       : Initializing Spring embedded WebApplicationContext
2019-05-28 11:56:59.986  INFO 1916 --- [main] o.s.web.context.ContextLoader            : Root WebApplicationContext: initialization completed in 4523 ms
2019-05-28 11:57:01.663  INFO 1916 --- [main] com.zaxxer.hikari.HikariDataSource       : HikariPool-1 - Starting...
2019-05-28 11:57:02.267  INFO 1916 --- [main] com.zaxxer.hikari.HikariDataSource       : HikariPool-1 - Start completed.
2019-05-28 11:57:02.418  INFO 1916 --- [main] o.hibernate.jpa.internal.util.LogHelper  : HHH000204: Processing PersistenceUnitInfo [
	name: default
	...]
2019-05-28 11:57:02.573  INFO 1916 --- [main] org.hibernate.Version                    : HHH000412: Hibernate Core {5.3.9.Final}
2019-05-28 11:57:02.577  INFO 1916 --- [main] org.hibernate.cfg.Environment            : HHH000206: hibernate.properties not found
2019-05-28 11:57:02.871  INFO 1916 --- [main] o.hibernate.annotations.common.Version   : HCANN000001: Hibernate Commons Annotations {5.0.4.Final}
2019-05-28 11:57:03.093  INFO 1916 --- [main] org.hibernate.dialect.Dialect            : HHH000400: Using dialect: org.hibernate.dialect.H2Dialect
2019-05-28 11:57:04.222  INFO 1916 --- [main] o.h.t.schema.internal.SchemaCreatorImpl  : HHH000476: Executing import script 'org.hibernate.tool.schema.internal.exec.ScriptSourceInputNonExistentImpl@3219d5a4'
2019-05-28 11:57:04.228  INFO 1916 --- [main] j.LocalContainerEntityManagerFactoryBean : Initialized JPA EntityManagerFactory for persistence unit 'default'
2019-05-28 11:57:05.789  WARN 1916 --- [main] aWebConfiguration$JpaWebMvcConfiguration : spring.jpa.open-in-view is enabled by default. Therefore, database queries may be performed during view rendering. Explicitly configure spring.jpa.open-in-view to disable this warning
2019-05-28 11:57:06.313  INFO 1916 --- [main] o.s.b.a.e.web.EndpointLinksResolver      : Exposing 2 endpoint(s) beneath base path '/actuator'
2019-05-28 11:57:06.907  INFO 1916 --- [main] o.s.s.web.DefaultSecurityFilterChain     : Creating filter chain: Ant [pattern='/v2/api-docs'], []
2019-05-28 11:57:06.908  INFO 1916 --- [main] o.s.s.web.DefaultSecurityFilterChain     : Creating filter chain: Ant [pattern='/configuration/ui'], []
2019-05-28 11:57:06.909  INFO 1916 --- [main] o.s.s.web.DefaultSecurityFilterChain     : Creating filter chain: Ant [pattern='/swagger-resources'], []
2019-05-28 11:57:06.909  INFO 1916 --- [main] o.s.s.web.DefaultSecurityFilterChain     : Creating filter chain: Ant [pattern='/configuration/security'], []
2019-05-28 11:57:06.910  INFO 1916 --- [main] o.s.s.web.DefaultSecurityFilterChain     : Creating filter chain: Ant [pattern='/swagger-ui.html'], []
2019-05-28 11:57:06.912  INFO 1916 --- [main] o.s.s.web.DefaultSecurityFilterChain     : Creating filter chain: Ant [pattern='/webjars/**'], []
2019-05-28 11:57:07.072  INFO 1916 --- [main] o.s.s.web.DefaultSecurityFilterChain     : Creating filter chain: any request, [org.springframework.security.web.context.request.async.WebAsyncManagerIntegrationFilter@661b0614, org.springframework.security.web.context.SecurityContextPersistenceFilter@60b01396, org.springframework.security.web.header.HeaderWriterFilter@7a506420, org.springframework.security.web.authentication.logout.LogoutFilter@71fbe0a4, org.springframework.security.web.authentication.www.BasicAuthenticationFilter@4ee1b38, org.springframework.security.web.savedrequest.RequestCacheAwareFilter@f318d9c, org.springframework.security.web.servletapi.SecurityContextHolderAwareRequestFilter@739695d, org.springframework.security.web.authentication.AnonymousAuthenticationFilter@30e3be15, org.springframework.security.web.session.SessionManagementFilter@2a4450c5, org.springframework.security.web.access.ExceptionTranslationFilter@b65f9f7, org.springframework.security.web.access.intercept.FilterSecurityInterceptor@2b2234cb]
2019-05-28 11:57:07.158  INFO 1916 --- [main] pertySourcedRequestMappingHandlerMapping : Mapped URL path [/v2/api-docs] onto method [public org.springframework.http.ResponseEntity<springfox.documentation.spring.web.json.Json> springfox.documentation.swagger2.web.Swagger2Controller.getDocumentation(java.lang.String,javax.servlet.http.HttpServletRequest)]
2019-05-28 11:57:07.488  INFO 1916 --- [main] o.s.s.concurrent.ThreadPoolTaskExecutor  : Initializing ExecutorService 'applicationTaskExecutor'
2019-05-28 11:57:08.697  INFO 1916 --- [main] d.s.w.p.DocumentationPluginsBootstrapper : Context refreshed
2019-05-28 11:57:08.758  INFO 1916 --- [main] d.s.w.p.DocumentationPluginsBootstrapper : Found 1 custom documentation plugin(s)
2019-05-28 11:57:08.834  INFO 1916 --- [main] s.d.s.w.s.ApiListingReferenceScanner     : Scanning for api listing references
2019-05-28 11:57:09.109  INFO 1916 --- [main] .d.s.w.r.o.CachingOperationNameGenerator : Generating unique operation named: handleUsingGET_1
2019-05-28 11:57:09.113  INFO 1916 --- [main] .d.s.w.r.o.CachingOperationNameGenerator : Generating unique operation named: handleUsingGET_2
2019-05-28 11:57:09.122  INFO 1916 --- [main] .d.s.w.r.o.CachingOperationNameGenerator : Generating unique operation named: handleUsingGET_3
2019-05-28 11:57:09.324  INFO 1916 --- [main] o.s.b.w.embedded.tomcat.TomcatWebServer  : Tomcat started on port(s): 8081 (http) with context path ''
2019-05-28 11:57:09.449  INFO 1916 --- [main] c.S.M.MovieBackEndApplication            : Started MovieBackEndApplication in 14.912 seconds (JVM running for 21.373)
2019-05-28 11:57:40.722  INFO 1916 --- [http-nio-8081-exec-1] o.a.c.c.C.[Tomcat].[localhost].[/]       : Initializing Spring DispatcherServlet 'dispatcherServlet'
2019-05-28 11:57:40.724  INFO 1916 --- [http-nio-8081-exec-1] o.s.web.servlet.DispatcherServlet        : Initializing Servlet 'dispatcherServlet'
2019-05-28 11:57:40.759  INFO 1916 --- [http-nio-8081-exec-1] o.s.web.servlet.DispatcherServlet        : Completed initialization in 34 ms
2019-05-28 11:58:27.884  INFO 1916 --- [Thread-6] o.s.s.concurrent.ThreadPoolTaskExecutor  : Shutting down ExecutorService 'applicationTaskExecutor'
2019-05-28 11:58:27.903  INFO 1916 --- [Thread-6] j.LocalContainerEntityManagerFactoryBean : Closing JPA EntityManagerFactory for persistence unit 'default'
2019-05-28 11:58:27.905  INFO 1916 --- [Thread-6] .SchemaDropperImpl$DelayedDropActionImpl : HHH000477: Starting delayed evictData of schema as part of SessionFactory shut-down'
2019-05-28 11:58:27.934  INFO 1916 --- [Thread-6] com.zaxxer.hikari.HikariDataSource       : HikariPool-1 - Shutdown initiated...
2019-05-28 11:58:27.947  INFO 1916 --- [Thread-6] com.zaxxer.hikari.HikariDataSource       : HikariPool-1 - Shutdown completed.
2019-05-28 11:58:40.974  INFO 14764 --- [main] c.S.M.MovieBackEndApplication            : Starting MovieBackEndApplication on IBMPF0P6NNP with PID 14764 (E:\p2p\Safaricom\SafaricomHackathon\target\classes started by PMMuthama in E:\p2p\Safaricom\SafaricomHackathon)
2019-05-28 11:58:40.994  INFO 14764 --- [main] c.S.M.MovieBackEndApplication            : No active profile set, falling back to default profiles: default
2019-05-28 11:58:44.337  INFO 14764 --- [main] .s.d.r.c.RepositoryConfigurationDelegate : Bootstrapping Spring Data repositories in DEFAULT mode.
2019-05-28 11:58:44.995  INFO 14764 --- [main] .s.d.r.c.RepositoryConfigurationDelegate : Finished Spring Data repository scanning in 618ms. Found 1 repository interfaces.
2019-05-28 11:58:46.371  INFO 14764 --- [main] trationDelegate$BeanPostProcessorChecker : Bean 'org.springframework.transaction.annotation.ProxyTransactionManagementConfiguration' of type [org.springframework.transaction.annotation.ProxyTransactionManagementConfiguration$$EnhancerBySpringCGLIB$$1430bc57] is not eligible for getting processed by all BeanPostProcessors (for example: not eligible for auto-proxying)
2019-05-28 11:58:46.430  INFO 14764 --- [main] trationDelegate$BeanPostProcessorChecker : Bean 'org.springframework.hateoas.config.HateoasConfiguration' of type [org.springframework.hateoas.config.HateoasConfiguration$$EnhancerBySpringCGLIB$$93b10989] is not eligible for getting processed by all BeanPostProcessors (for example: not eligible for auto-proxying)
2019-05-28 11:58:47.305  INFO 14764 --- [main] o.s.b.w.embedded.tomcat.TomcatWebServer  : Tomcat initialized with port(s): 8081 (http)
2019-05-28 11:58:47.360  INFO 14764 --- [main] o.apache.catalina.core.StandardService   : Starting service [Tomcat]
2019-05-28 11:58:47.361  INFO 14764 --- [main] org.apache.catalina.core.StandardEngine  : Starting Servlet engine: [Apache Tomcat/9.0.17]
2019-05-28 11:58:47.546  INFO 14764 --- [main] o.a.c.c.C.[Tomcat].[localhost].[/]       : Initializing Spring embedded WebApplicationContext
2019-05-28 11:58:47.547  INFO 14764 --- [main] o.s.web.context.ContextLoader            : Root WebApplicationContext: initialization completed in 6424 ms
2019-05-28 11:58:49.486  INFO 14764 --- [main] com.zaxxer.hikari.HikariDataSource       : HikariPool-1 - Starting...
2019-05-28 11:58:49.799  INFO 14764 --- [main] com.zaxxer.hikari.HikariDataSource       : HikariPool-1 - Start completed.
2019-05-28 11:58:50.456  INFO 14764 --- [main] o.hibernate.jpa.internal.util.LogHelper  : HHH000204: Processing PersistenceUnitInfo [
	name: default
	...]
2019-05-28 11:58:50.637  INFO 14764 --- [main] org.hibernate.Version                    : HHH000412: Hibernate Core {5.3.9.Final}
2019-05-28 11:58:50.642  INFO 14764 --- [main] org.hibernate.cfg.Environment            : HHH000206: hibernate.properties not found
2019-05-28 11:58:50.879  INFO 14764 --- [main] o.hibernate.annotations.common.Version   : HCANN000001: Hibernate Commons Annotations {5.0.4.Final}
2019-05-28 11:58:51.130  INFO 14764 --- [main] org.hibernate.dialect.Dialect            : HHH000400: Using dialect: org.hibernate.dialect.H2Dialect
2019-05-28 11:58:52.335  INFO 14764 --- [main] o.h.t.schema.internal.SchemaCreatorImpl  : HHH000476: Executing import script 'org.hibernate.tool.schema.internal.exec.ScriptSourceInputNonExistentImpl@605e0e54'
2019-05-28 11:58:52.342  INFO 14764 --- [main] j.LocalContainerEntityManagerFactoryBean : Initialized JPA EntityManagerFactory for persistence unit 'default'
2019-05-28 11:58:53.981  WARN 14764 --- [main] aWebConfiguration$JpaWebMvcConfiguration : spring.jpa.open-in-view is enabled by default. Therefore, database queries may be performed during view rendering. Explicitly configure spring.jpa.open-in-view to disable this warning
2019-05-28 11:58:54.895  INFO 14764 --- [main] o.s.b.a.e.web.EndpointLinksResolver      : Exposing 2 endpoint(s) beneath base path '/actuator'
2019-05-28 11:58:55.622  INFO 14764 --- [main] o.s.s.web.DefaultSecurityFilterChain     : Creating filter chain: Ant [pattern='/v2/api-docs'], []
2019-05-28 11:58:55.623  INFO 14764 --- [main] o.s.s.web.DefaultSecurityFilterChain     : Creating filter chain: Ant [pattern='/configuration/ui'], []
2019-05-28 11:58:55.625  INFO 14764 --- [main] o.s.s.web.DefaultSecurityFilterChain     : Creating filter chain: Ant [pattern='/swagger-resources'], []
2019-05-28 11:58:55.627  INFO 14764 --- [main] o.s.s.web.DefaultSecurityFilterChain     : Creating filter chain: Ant [pattern='/configuration/security'], []
2019-05-28 11:58:55.632  INFO 14764 --- [main] o.s.s.web.DefaultSecurityFilterChain     : Creating filter chain: Ant [pattern='/swagger-ui.html'], []
2019-05-28 11:58:55.639  INFO 14764 --- [main] o.s.s.web.DefaultSecurityFilterChain     : Creating filter chain: Ant [pattern='/webjars/**'], []
2019-05-28 11:58:55.833  INFO 14764 --- [main] o.s.s.web.DefaultSecurityFilterChain     : Creating filter chain: any request, [org.springframework.security.web.context.request.async.WebAsyncManagerIntegrationFilter@69e493d0, org.springframework.security.web.context.SecurityContextPersistenceFilter@7378096e, org.springframework.security.web.header.HeaderWriterFilter@694a8759, org.springframework.security.web.authentication.logout.LogoutFilter@554371a, org.springframework.security.web.authentication.www.BasicAuthenticationFilter@20cf585e, org.springframework.security.web.savedrequest.RequestCacheAwareFilter@177d2316, org.springframework.security.web.servletapi.SecurityContextHolderAwareRequestFilter@676cf0cc, org.springframework.security.web.authentication.AnonymousAuthenticationFilter@a6e4ac4, org.springframework.security.web.session.SessionManagementFilter@51320158, org.springframework.security.web.access.ExceptionTranslationFilter@780dd674, org.springframework.security.web.access.intercept.FilterSecurityInterceptor@2974a030]
2019-05-28 11:58:55.922  INFO 14764 --- [main] pertySourcedRequestMappingHandlerMapping : Mapped URL path [/v2/api-docs] onto method [public org.springframework.http.ResponseEntity<springfox.documentation.spring.web.json.Json> springfox.documentation.swagger2.web.Swagger2Controller.getDocumentation(java.lang.String,javax.servlet.http.HttpServletRequest)]
2019-05-28 11:58:56.422  INFO 14764 --- [main] o.s.s.concurrent.ThreadPoolTaskExecutor  : Initializing ExecutorService 'applicationTaskExecutor'
2019-05-28 11:58:57.675  INFO 14764 --- [main] d.s.w.p.DocumentationPluginsBootstrapper : Context refreshed
2019-05-28 11:58:57.726  INFO 14764 --- [main] d.s.w.p.DocumentationPluginsBootstrapper : Found 1 custom documentation plugin(s)
2019-05-28 11:58:57.796  INFO 14764 --- [main] s.d.s.w.s.ApiListingReferenceScanner     : Scanning for api listing references
2019-05-28 11:58:58.071  INFO 14764 --- [main] .d.s.w.r.o.CachingOperationNameGenerator : Generating unique operation named: handleUsingGET_1
2019-05-28 11:58:58.077  INFO 14764 --- [main] .d.s.w.r.o.CachingOperationNameGenerator : Generating unique operation named: handleUsingGET_2
2019-05-28 11:58:58.084  INFO 14764 --- [main] .d.s.w.r.o.CachingOperationNameGenerator : Generating unique operation named: handleUsingGET_3
2019-05-28 11:58:58.174  INFO 14764 --- [main] o.s.b.w.embedded.tomcat.TomcatWebServer  : Tomcat started on port(s): 8081 (http) with context path ''
2019-05-28 11:58:58.178  INFO 14764 --- [main] c.S.M.MovieBackEndApplication            : Started MovieBackEndApplication in 17.934 seconds (JVM running for 25.016)
2019-05-28 11:59:08.229  INFO 14764 --- [http-nio-8081-exec-1] o.a.c.c.C.[Tomcat].[localhost].[/]       : Initializing Spring DispatcherServlet 'dispatcherServlet'
2019-05-28 11:59:08.230  INFO 14764 --- [http-nio-8081-exec-1] o.s.web.servlet.DispatcherServlet        : Initializing Servlet 'dispatcherServlet'
2019-05-28 11:59:08.293  INFO 14764 --- [http-nio-8081-exec-1] o.s.web.servlet.DispatcherServlet        : Completed initialization in 62 ms
2019-05-28 11:59:21.417  INFO 14764 --- [http-nio-8081-exec-6] o.h.h.i.QueryTranslatorFactoryInitiator  : HHH000397: Using ASTQueryTranslatorFactory
2019-05-28 12:05:39.921  INFO 14764 --- [Thread-6] o.s.s.concurrent.ThreadPoolTaskExecutor  : Shutting down ExecutorService 'applicationTaskExecutor'
2019-05-28 12:05:39.929  INFO 14764 --- [Thread-6] j.LocalContainerEntityManagerFactoryBean : Closing JPA EntityManagerFactory for persistence unit 'default'
2019-05-28 12:05:39.937  INFO 14764 --- [Thread-6] .SchemaDropperImpl$DelayedDropActionImpl : HHH000477: Starting delayed evictData of schema as part of SessionFactory shut-down'
2019-05-28 12:05:39.967  INFO 14764 --- [Thread-6] com.zaxxer.hikari.HikariDataSource       : HikariPool-1 - Shutdown initiated...
2019-05-28 12:05:39.978  INFO 14764 --- [Thread-6] com.zaxxer.hikari.HikariDataSource       : HikariPool-1 - Shutdown completed.
2019-05-28 12:05:57.477  INFO 2516 --- [main] c.S.M.MovieBackEndApplication            : Starting MovieBackEndApplication on IBMPF0P6NNP with PID 2516 (E:\p2p\Safaricom\SafaricomHackathon\target\classes started by PMMuthama in E:\p2p\Safaricom\SafaricomHackathon)
2019-05-28 12:05:57.500  INFO 2516 --- [main] c.S.M.MovieBackEndApplication            : No active profile set, falling back to default profiles: default
2019-05-28 12:06:00.798  INFO 2516 --- [main] .s.d.r.c.RepositoryConfigurationDelegate : Bootstrapping Spring Data repositories in DEFAULT mode.
2019-05-28 12:06:01.035  INFO 2516 --- [main] .s.d.r.c.RepositoryConfigurationDelegate : Finished Spring Data repository scanning in 215ms. Found 1 repository interfaces.
2019-05-28 12:06:02.269  INFO 2516 --- [main] trationDelegate$BeanPostProcessorChecker : Bean 'org.springframework.transaction.annotation.ProxyTransactionManagementConfiguration' of type [org.springframework.transaction.annotation.ProxyTransactionManagementConfiguration$$EnhancerBySpringCGLIB$$d7d6f5a5] is not eligible for getting processed by all BeanPostProcessors (for example: not eligible for auto-proxying)
2019-05-28 12:06:02.367  INFO 2516 --- [main] trationDelegate$BeanPostProcessorChecker : Bean 'org.springframework.hateoas.config.HateoasConfiguration' of type [org.springframework.hateoas.config.HateoasConfiguration$$EnhancerBySpringCGLIB$$575742d7] is not eligible for getting processed by all BeanPostProcessors (for example: not eligible for auto-proxying)
2019-05-28 12:06:03.502  INFO 2516 --- [main] o.s.b.w.embedded.tomcat.TomcatWebServer  : Tomcat initialized with port(s): 8081 (http)
2019-05-28 12:06:03.566  INFO 2516 --- [main] o.apache.catalina.core.StandardService   : Starting service [Tomcat]
2019-05-28 12:06:03.567  INFO 2516 --- [main] org.apache.catalina.core.StandardEngine  : Starting Servlet engine: [Apache Tomcat/9.0.17]
2019-05-28 12:06:04.065  INFO 2516 --- [main] o.a.c.c.C.[Tomcat].[localhost].[/]       : Initializing Spring embedded WebApplicationContext
2019-05-28 12:06:04.066  INFO 2516 --- [main] o.s.web.context.ContextLoader            : Root WebApplicationContext: initialization completed in 6394 ms
2019-05-28 12:06:06.213  INFO 2516 --- [main] com.zaxxer.hikari.HikariDataSource       : HikariPool-1 - Starting...
2019-05-28 12:06:06.591  INFO 2516 --- [main] com.zaxxer.hikari.HikariDataSource       : HikariPool-1 - Start completed.
2019-05-28 12:06:07.262  INFO 2516 --- [main] o.hibernate.jpa.internal.util.LogHelper  : HHH000204: Processing PersistenceUnitInfo [
	name: default
	...]
2019-05-28 12:06:07.476  INFO 2516 --- [main] org.hibernate.Version                    : HHH000412: Hibernate Core {5.3.9.Final}
2019-05-28 12:06:07.481  INFO 2516 --- [main] org.hibernate.cfg.Environment            : HHH000206: hibernate.properties not found
2019-05-28 12:06:07.935  INFO 2516 --- [main] o.hibernate.annotations.common.Version   : HCANN000001: Hibernate Commons Annotations {5.0.4.Final}
2019-05-28 12:06:08.273  INFO 2516 --- [main] org.hibernate.dialect.Dialect            : HHH000400: Using dialect: org.hibernate.dialect.H2Dialect
2019-05-28 12:06:09.974  INFO 2516 --- [main] o.h.t.schema.internal.SchemaCreatorImpl  : HHH000476: Executing import script 'org.hibernate.tool.schema.internal.exec.ScriptSourceInputNonExistentImpl@1107b1b6'
2019-05-28 12:06:09.979  INFO 2516 --- [main] j.LocalContainerEntityManagerFactoryBean : Initialized JPA EntityManagerFactory for persistence unit 'default'
2019-05-28 12:06:11.857  WARN 2516 --- [main] aWebConfiguration$JpaWebMvcConfiguration : spring.jpa.open-in-view is enabled by default. Therefore, database queries may be performed during view rendering. Explicitly configure spring.jpa.open-in-view to disable this warning
2019-05-28 12:06:12.448  INFO 2516 --- [main] o.s.b.a.e.web.EndpointLinksResolver      : Exposing 2 endpoint(s) beneath base path '/actuator'
2019-05-28 12:06:13.226  INFO 2516 --- [main] o.s.s.web.DefaultSecurityFilterChain     : Creating filter chain: Ant [pattern='/v2/api-docs'], []
2019-05-28 12:06:13.227  INFO 2516 --- [main] o.s.s.web.DefaultSecurityFilterChain     : Creating filter chain: Ant [pattern='/configuration/ui'], []
2019-05-28 12:06:13.228  INFO 2516 --- [main] o.s.s.web.DefaultSecurityFilterChain     : Creating filter chain: Ant [pattern='/swagger-resources'], []
2019-05-28 12:06:13.229  INFO 2516 --- [main] o.s.s.web.DefaultSecurityFilterChain     : Creating filter chain: Ant [pattern='/configuration/security'], []
2019-05-28 12:06:13.232  INFO 2516 --- [main] o.s.s.web.DefaultSecurityFilterChain     : Creating filter chain: Ant [pattern='/swagger-ui.html'], []
2019-05-28 12:06:13.233  INFO 2516 --- [main] o.s.s.web.DefaultSecurityFilterChain     : Creating filter chain: Ant [pattern='/webjars/**'], []
2019-05-28 12:06:13.458  INFO 2516 --- [main] o.s.s.web.DefaultSecurityFilterChain     : Creating filter chain: any request, [org.springframework.security.web.context.request.async.WebAsyncManagerIntegrationFilter@7219b732, org.springframework.security.web.context.SecurityContextPersistenceFilter@6f2a25ff, org.springframework.security.web.header.HeaderWriterFilter@6dfa2fe2, org.springframework.security.web.authentication.logout.LogoutFilter@4c96903a, org.springframework.security.web.authentication.www.BasicAuthenticationFilter@2fa73939, org.springframework.security.web.savedrequest.RequestCacheAwareFilter@662046d6, org.springframework.security.web.servletapi.SecurityContextHolderAwareRequestFilter@24b570d6, org.springframework.security.web.authentication.AnonymousAuthenticationFilter@21ba3a68, org.springframework.security.web.session.SessionManagementFilter@117dac1e, org.springframework.security.web.access.ExceptionTranslationFilter@5206b99c, org.springframework.security.web.access.intercept.FilterSecurityInterceptor@4b88cb22]
2019-05-28 12:06:13.559  INFO 2516 --- [main] pertySourcedRequestMappingHandlerMapping : Mapped URL path [/v2/api-docs] onto method [public org.springframework.http.ResponseEntity<springfox.documentation.spring.web.json.Json> springfox.documentation.swagger2.web.Swagger2Controller.getDocumentation(java.lang.String,javax.servlet.http.HttpServletRequest)]
2019-05-28 12:06:13.939  INFO 2516 --- [main] o.s.s.concurrent.ThreadPoolTaskExecutor  : Initializing ExecutorService 'applicationTaskExecutor'
2019-05-28 12:06:15.134  INFO 2516 --- [main] d.s.w.p.DocumentationPluginsBootstrapper : Context refreshed
2019-05-28 12:06:15.248  INFO 2516 --- [main] d.s.w.p.DocumentationPluginsBootstrapper : Found 1 custom documentation plugin(s)
2019-05-28 12:06:15.309  INFO 2516 --- [main] s.d.s.w.s.ApiListingReferenceScanner     : Scanning for api listing references
2019-05-28 12:06:15.571  INFO 2516 --- [main] .d.s.w.r.o.CachingOperationNameGenerator : Generating unique operation named: handleUsingGET_1
2019-05-28 12:06:15.585  INFO 2516 --- [main] .d.s.w.r.o.CachingOperationNameGenerator : Generating unique operation named: handleUsingGET_2
2019-05-28 12:06:15.593  INFO 2516 --- [main] .d.s.w.r.o.CachingOperationNameGenerator : Generating unique operation named: handleUsingGET_3
2019-05-28 12:06:15.752  INFO 2516 --- [main] o.s.b.w.embedded.tomcat.TomcatWebServer  : Tomcat started on port(s): 8081 (http) with context path ''
2019-05-28 12:06:15.756  INFO 2516 --- [main] c.S.M.MovieBackEndApplication            : Started MovieBackEndApplication in 19.258 seconds (JVM running for 27.219)
2019-05-28 12:06:26.983  INFO 2516 --- [http-nio-8081-exec-1] o.a.c.c.C.[Tomcat].[localhost].[/]       : Initializing Spring DispatcherServlet 'dispatcherServlet'
2019-05-28 12:06:26.985  INFO 2516 --- [http-nio-8081-exec-1] o.s.web.servlet.DispatcherServlet        : Initializing Servlet 'dispatcherServlet'
2019-05-28 12:06:27.019  INFO 2516 --- [http-nio-8081-exec-1] o.s.web.servlet.DispatcherServlet        : Completed initialization in 34 ms
2019-05-28 12:18:00.215  INFO 2516 --- [Thread-6] o.s.s.concurrent.ThreadPoolTaskExecutor  : Shutting down ExecutorService 'applicationTaskExecutor'
2019-05-28 12:18:00.228  INFO 2516 --- [Thread-6] j.LocalContainerEntityManagerFactoryBean : Closing JPA EntityManagerFactory for persistence unit 'default'
2019-05-28 12:18:00.233  INFO 2516 --- [Thread-6] .SchemaDropperImpl$DelayedDropActionImpl : HHH000477: Starting delayed evictData of schema as part of SessionFactory shut-down'
2019-05-28 12:18:00.269  INFO 2516 --- [Thread-6] com.zaxxer.hikari.HikariDataSource       : HikariPool-1 - Shutdown initiated...
2019-05-28 12:18:00.283  INFO 2516 --- [Thread-6] com.zaxxer.hikari.HikariDataSource       : HikariPool-1 - Shutdown completed.
2019-05-28 12:37:22.513  INFO 17736 --- [main] c.S.M.MovieBackEndApplicationTests       : Starting MovieBackEndApplicationTests on IBMPF0P6NNP with PID 17736 (started by PMMuthama in E:\p2p\Safaricom\SafaricomHackathon)
2019-05-28 12:37:23.052  INFO 17736 --- [main] c.S.M.MovieBackEndApplicationTests       : No active profile set, falling back to default profiles: default
2019-05-28 12:37:29.803  INFO 17736 --- [main] .s.d.r.c.RepositoryConfigurationDelegate : Bootstrapping Spring Data repositories in DEFAULT mode.
2019-05-28 12:37:30.205  INFO 17736 --- [main] .s.d.r.c.RepositoryConfigurationDelegate : Finished Spring Data repository scanning in 354ms. Found 1 repository interfaces.
2019-05-28 12:37:32.385  INFO 17736 --- [main] trationDelegate$BeanPostProcessorChecker : Bean 'org.springframework.transaction.annotation.ProxyTransactionManagementConfiguration' of type [org.springframework.transaction.annotation.ProxyTransactionManagementConfiguration$$EnhancerBySpringCGLIB$$ed1b2887] is not eligible for getting processed by all BeanPostProcessors (for example: not eligible for auto-proxying)
2019-05-28 12:37:32.592  INFO 17736 --- [main] trationDelegate$BeanPostProcessorChecker : Bean 'org.springframework.hateoas.config.HateoasConfiguration' of type [org.springframework.hateoas.config.HateoasConfiguration$$EnhancerBySpringCGLIB$$6c9b75b9] is not eligible for getting processed by all BeanPostProcessors (for example: not eligible for auto-proxying)
2019-05-28 12:37:33.387  INFO 17736 --- [main] com.zaxxer.hikari.HikariDataSource       : HikariPool-1 - Starting...
2019-05-28 12:37:34.277  INFO 17736 --- [main] com.zaxxer.hikari.HikariDataSource       : HikariPool-1 - Start completed.
2019-05-28 12:37:34.841  INFO 17736 --- [main] o.hibernate.jpa.internal.util.LogHelper  : HHH000204: Processing PersistenceUnitInfo [
	name: default
	...]
2019-05-28 12:37:35.106  INFO 17736 --- [main] org.hibernate.Version                    : HHH000412: Hibernate Core {5.3.9.Final}
2019-05-28 12:37:35.109  INFO 17736 --- [main] org.hibernate.cfg.Environment            : HHH000206: hibernate.properties not found
2019-05-28 12:37:35.787  INFO 17736 --- [main] o.hibernate.annotations.common.Version   : HCANN000001: Hibernate Commons Annotations {5.0.4.Final}
2019-05-28 12:37:36.277  INFO 17736 --- [main] org.hibernate.dialect.Dialect            : HHH000400: Using dialect: org.hibernate.dialect.H2Dialect
2019-05-28 12:37:40.337  INFO 17736 --- [main] o.h.t.schema.internal.SchemaCreatorImpl  : HHH000476: Executing import script 'org.hibernate.tool.schema.internal.exec.ScriptSourceInputNonExistentImpl@324eea70'
2019-05-28 12:37:40.346  INFO 17736 --- [main] j.LocalContainerEntityManagerFactoryBean : Initialized JPA EntityManagerFactory for persistence unit 'default'
2019-05-28 12:37:46.832  WARN 17736 --- [main] aWebConfiguration$JpaWebMvcConfiguration : spring.jpa.open-in-view is enabled by default. Therefore, database queries may be performed during view rendering. Explicitly configure spring.jpa.open-in-view to disable this warning
2019-05-28 12:37:51.158  INFO 17736 --- [main] o.s.b.a.e.web.EndpointLinksResolver      : Exposing 2 endpoint(s) beneath base path '/actuator'
2019-05-28 12:37:53.308  INFO 17736 --- [main] o.s.s.web.DefaultSecurityFilterChain     : Creating filter chain: Ant [pattern='/v2/api-docs'], []
2019-05-28 12:37:53.308  INFO 17736 --- [main] o.s.s.web.DefaultSecurityFilterChain     : Creating filter chain: Ant [pattern='/configuration/ui'], []
2019-05-28 12:37:53.308  INFO 17736 --- [main] o.s.s.web.DefaultSecurityFilterChain     : Creating filter chain: Ant [pattern='/swagger-resources'], []
2019-05-28 12:37:53.309  INFO 17736 --- [main] o.s.s.web.DefaultSecurityFilterChain     : Creating filter chain: Ant [pattern='/configuration/security'], []
2019-05-28 12:37:53.309  INFO 17736 --- [main] o.s.s.web.DefaultSecurityFilterChain     : Creating filter chain: Ant [pattern='/swagger-ui.html'], []
2019-05-28 12:37:53.309  INFO 17736 --- [main] o.s.s.web.DefaultSecurityFilterChain     : Creating filter chain: Ant [pattern='/webjars/**'], []
2019-05-28 12:37:53.876  INFO 17736 --- [main] o.s.s.web.DefaultSecurityFilterChain     : Creating filter chain: any request, [org.springframework.security.web.context.request.async.WebAsyncManagerIntegrationFilter@505df6b4, org.springframework.security.web.context.SecurityContextPersistenceFilter@3f0ff3dd, org.springframework.security.web.header.HeaderWriterFilter@30c55d6d, org.springframework.security.web.authentication.logout.LogoutFilter@2e6db19e, org.springframework.security.web.authentication.www.BasicAuthenticationFilter@1ebac349, org.springframework.security.web.savedrequest.RequestCacheAwareFilter@72ca6abf, org.springframework.security.web.servletapi.SecurityContextHolderAwareRequestFilter@12e68cfb, org.springframework.security.web.authentication.AnonymousAuthenticationFilter@1089d310, org.springframework.security.web.session.SessionManagementFilter@a46ef0c, org.springframework.security.web.access.ExceptionTranslationFilter@2b2737da, org.springframework.security.web.access.intercept.FilterSecurityInterceptor@79b35179]
2019-05-28 12:37:54.109  INFO 17736 --- [main] pertySourcedRequestMappingHandlerMapping : Mapped URL path [/v2/api-docs] onto method [public org.springframework.http.ResponseEntity<springfox.documentation.spring.web.json.Json> springfox.documentation.swagger2.web.Swagger2Controller.getDocumentation(java.lang.String,javax.servlet.http.HttpServletRequest)]
2019-05-28 12:37:55.656  INFO 17736 --- [main] o.s.s.concurrent.ThreadPoolTaskExecutor  : Initializing ExecutorService 'applicationTaskExecutor'
2019-05-28 12:37:58.248  INFO 17736 --- [main] d.s.w.p.DocumentationPluginsBootstrapper : Context refreshed
2019-05-28 12:37:58.461  INFO 17736 --- [main] d.s.w.p.DocumentationPluginsBootstrapper : Found 1 custom documentation plugin(s)
2019-05-28 12:37:58.598  INFO 17736 --- [main] s.d.s.w.s.ApiListingReferenceScanner     : Scanning for api listing references
2019-05-28 12:37:59.075  INFO 17736 --- [main] .d.s.w.r.o.CachingOperationNameGenerator : Generating unique operation named: handleUsingGET_1
2019-05-28 12:37:59.083  INFO 17736 --- [main] .d.s.w.r.o.CachingOperationNameGenerator : Generating unique operation named: handleUsingGET_2
2019-05-28 12:37:59.089  INFO 17736 --- [main] .d.s.w.r.o.CachingOperationNameGenerator : Generating unique operation named: handleUsingGET_3
2019-05-28 12:37:59.170  INFO 17736 --- [main] c.S.M.MovieBackEndApplicationTests       : Started MovieBackEndApplicationTests in 39.439 seconds (JVM running for 42.912)
2019-05-28 12:37:59.910  INFO 17736 --- [main] o.h.h.i.QueryTranslatorFactoryInitiator  : HHH000397: Using ASTQueryTranslatorFactory
2019-05-28 12:38:01.241  INFO 17736 --- [Thread-5] o.s.s.concurrent.ThreadPoolTaskExecutor  : Shutting down ExecutorService 'applicationTaskExecutor'
2019-05-28 12:38:01.255  INFO 17736 --- [Thread-5] j.LocalContainerEntityManagerFactoryBean : Closing JPA EntityManagerFactory for persistence unit 'default'
2019-05-28 12:38:01.256  INFO 17736 --- [Thread-5] .SchemaDropperImpl$DelayedDropActionImpl : HHH000477: Starting delayed evictData of schema as part of SessionFactory shut-down'
2019-05-28 12:38:01.317  WARN 17736 --- [Thread-5] o.h.t.s.i.e.GenerationTargetToDatabase   : HHH000335: Unable to log SQLWarnings : org.h2.jdbc.JdbcSQLNonTransientConnectionException: Database is already closed (to disable automatic closing at VM shutdown, add ";DB_CLOSE_ON_EXIT=FALSE" to the db URL) [90121-199]

org.h2.jdbc.JdbcSQLNonTransientConnectionException: Database is already closed (to disable automatic closing at VM shutdown, add ";DB_CLOSE_ON_EXIT=FALSE" to the db URL) [90121-199]
	at org.h2.message.DbException.getJdbcSQLException(DbException.java:617) ~[h2-1.4.199.jar:1.4.199]
	at org.h2.message.DbException.getJdbcSQLException(DbException.java:427) ~[h2-1.4.199.jar:1.4.199]
	at org.h2.message.DbException.get(DbException.java:205) ~[h2-1.4.199.jar:1.4.199]
	at org.h2.message.DbException.get(DbException.java:181) ~[h2-1.4.199.jar:1.4.199]
	at org.h2.message.DbException.get(DbException.java:170) ~[h2-1.4.199.jar:1.4.199]
	at org.h2.jdbc.JdbcConnection.checkClosed(JdbcConnection.java:1571) ~[h2-1.4.199.jar:1.4.199]
	at org.h2.jdbc.JdbcStatement.checkClosed(JdbcStatement.java:1237) ~[h2-1.4.199.jar:1.4.199]
	at org.h2.jdbc.JdbcStatement.checkClosed(JdbcStatement.java:1211) ~[h2-1.4.199.jar:1.4.199]
	at org.h2.jdbc.JdbcStatement.getWarnings(JdbcStatement.java:357) ~[h2-1.4.199.jar:1.4.199]
	at com.zaxxer.hikari.pool.HikariProxyStatement.getWarnings(HikariProxyStatement.java) ~[HikariCP-3.2.0.jar:na]
	at org.hibernate.tool.schema.internal.exec.GenerationTargetToDatabase.accept(GenerationTargetToDatabase.java:57) ~[hibernate-core-5.3.9.Final.jar:5.3.9.Final]
	at org.hibernate.tool.schema.internal.SchemaDropperImpl$DelayedDropActionImpl.perform(SchemaDropperImpl.java:536) [hibernate-core-5.3.9.Final.jar:5.3.9.Final]
	at org.hibernate.internal.SessionFactoryImpl.close(SessionFactoryImpl.java:815) [hibernate-core-5.3.9.Final.jar:5.3.9.Final]
	at sun.reflect.NativeMethodAccessorImpl.invoke0(Native Method) ~[na:1.8.0_181]
	at sun.reflect.NativeMethodAccessorImpl.invoke(NativeMethodAccessorImpl.java:62) ~[na:1.8.0_181]
	at sun.reflect.DelegatingMethodAccessorImpl.invoke(DelegatingMethodAccessorImpl.java:43) ~[na:1.8.0_181]
	at java.lang.reflect.Method.invoke(Method.java:498) ~[na:1.8.0_181]
	at org.springframework.orm.jpa.AbstractEntityManagerFactoryBean.invokeProxyMethod(AbstractEntityManagerFactoryBean.java:496) [spring-orm-5.1.6.RELEASE.jar:5.1.6.RELEASE]
	at org.springframework.orm.jpa.AbstractEntityManagerFactoryBean$ManagedEntityManagerFactoryInvocationHandler.invoke(AbstractEntityManagerFactoryBean.java:679) [spring-orm-5.1.6.RELEASE.jar:5.1.6.RELEASE]
	at com.sun.proxy.$Proxy119.close(Unknown Source) [na:na]
	at org.springframework.orm.jpa.AbstractEntityManagerFactoryBean.destroy(AbstractEntityManagerFactoryBean.java:599) [spring-orm-5.1.6.RELEASE.jar:5.1.6.RELEASE]
	at org.springframework.beans.factory.support.DisposableBeanAdapter.destroy(DisposableBeanAdapter.java:256) [spring-beans-5.1.6.RELEASE.jar:5.1.6.RELEASE]
	at org.springframework.beans.factory.support.DefaultSingletonBeanRegistry.destroyBean(DefaultSingletonBeanRegistry.java:571) [spring-beans-5.1.6.RELEASE.jar:5.1.6.RELEASE]
	at org.springframework.beans.factory.support.DefaultSingletonBeanRegistry.destroySingleton(DefaultSingletonBeanRegistry.java:543) [spring-beans-5.1.6.RELEASE.jar:5.1.6.RELEASE]
	at org.springframework.beans.factory.support.DefaultListableBeanFactory.destroySingleton(DefaultListableBeanFactory.java:1055) [spring-beans-5.1.6.RELEASE.jar:5.1.6.RELEASE]
	at org.springframework.beans.factory.support.DefaultSingletonBeanRegistry.destroySingletons(DefaultSingletonBeanRegistry.java:504) [spring-beans-5.1.6.RELEASE.jar:5.1.6.RELEASE]
	at org.springframework.beans.factory.support.DefaultListableBeanFactory.destroySingletons(DefaultListableBeanFactory.java:1062) [spring-beans-5.1.6.RELEASE.jar:5.1.6.RELEASE]
	at org.springframework.context.support.AbstractApplicationContext.destroyBeans(AbstractApplicationContext.java:1057) [spring-context-5.1.6.RELEASE.jar:5.1.6.RELEASE]
	at org.springframework.context.support.AbstractApplicationContext.doClose(AbstractApplicationContext.java:1026) [spring-context-5.1.6.RELEASE.jar:5.1.6.RELEASE]
	at org.springframework.context.support.AbstractApplicationContext$1.run(AbstractApplicationContext.java:945) [spring-context-5.1.6.RELEASE.jar:5.1.6.RELEASE]

2019-05-28 12:38:01.319 ERROR 17736 --- [Thread-5] .SchemaDropperImpl$DelayedDropActionImpl : HHH000478: Unsuccessful: drop table movies if exists
2019-05-28 12:38:01.320 ERROR 17736 --- [Thread-5] .SchemaDropperImpl$DelayedDropActionImpl : HHH000478: Unsuccessful: drop table users if exists
2019-05-28 12:38:01.322  WARN 17736 --- [Thread-5] o.h.engine.jdbc.spi.SqlExceptionHelper   : SQL Error: 90121, SQLState: 90121
2019-05-28 12:38:01.322 ERROR 17736 --- [Thread-5] o.h.engine.jdbc.spi.SqlExceptionHelper   : Database is already closed (to disable automatic closing at VM shutdown, add ";DB_CLOSE_ON_EXIT=FALSE" to the db URL) [90121-199]
2019-05-28 12:38:01.326  INFO 17736 --- [Thread-5] o.s.b.f.support.DisposableBeanAdapter    : Invocation of destroy method failed on bean with name 'entityManagerFactory': org.hibernate.exception.JDBCConnectionException: Unable to release JDBC Connection used for DDL execution
2019-05-28 12:38:01.328  INFO 17736 --- [Thread-5] com.zaxxer.hikari.HikariDataSource       : HikariPool-1 - Shutdown initiated...
2019-05-28 12:38:01.345  INFO 17736 --- [Thread-5] com.zaxxer.hikari.HikariDataSource       : HikariPool-1 - Shutdown completed.
2019-05-28 14:31:47.182  INFO 18276 --- [main] c.S.M.MovieBackEndApplicationTests       : Starting MovieBackEndApplicationTests on IBMPF0P6NNP with PID 18276 (started by PMMuthama in E:\p2p\Safaricom\SafaricomHackathon)
2019-05-28 14:31:47.204  INFO 18276 --- [main] c.S.M.MovieBackEndApplicationTests       : No active profile set, falling back to default profiles: default
2019-05-28 14:31:52.823  INFO 18276 --- [main] .s.d.r.c.RepositoryConfigurationDelegate : Bootstrapping Spring Data repositories in DEFAULT mode.
2019-05-28 14:31:53.284  INFO 18276 --- [main] .s.d.r.c.RepositoryConfigurationDelegate : Finished Spring Data repository scanning in 430ms. Found 1 repository interfaces.
2019-05-28 14:31:55.692  INFO 18276 --- [main] trationDelegate$BeanPostProcessorChecker : Bean 'org.springframework.transaction.annotation.ProxyTransactionManagementConfiguration' of type [org.springframework.transaction.annotation.ProxyTransactionManagementConfiguration$$EnhancerBySpringCGLIB$$d6ce72b9] is not eligible for getting processed by all BeanPostProcessors (for example: not eligible for auto-proxying)
2019-05-28 14:31:55.892  INFO 18276 --- [main] trationDelegate$BeanPostProcessorChecker : Bean 'org.springframework.hateoas.config.HateoasConfiguration' of type [org.springframework.hateoas.config.HateoasConfiguration$$EnhancerBySpringCGLIB$$564ebfeb] is not eligible for getting processed by all BeanPostProcessors (for example: not eligible for auto-proxying)
2019-05-28 14:31:56.865  INFO 18276 --- [main] com.zaxxer.hikari.HikariDataSource       : HikariPool-1 - Starting...
2019-05-28 14:31:57.831  INFO 18276 --- [main] com.zaxxer.hikari.HikariDataSource       : HikariPool-1 - Start completed.
2019-05-28 14:31:58.278  INFO 18276 --- [main] o.hibernate.jpa.internal.util.LogHelper  : HHH000204: Processing PersistenceUnitInfo [
	name: default
	...]
2019-05-28 14:31:58.621  INFO 18276 --- [main] org.hibernate.Version                    : HHH000412: Hibernate Core {5.3.9.Final}
2019-05-28 14:31:58.626  INFO 18276 --- [main] org.hibernate.cfg.Environment            : HHH000206: hibernate.properties not found
2019-05-28 14:31:59.293  INFO 18276 --- [main] o.hibernate.annotations.common.Version   : HCANN000001: Hibernate Commons Annotations {5.0.4.Final}
2019-05-28 14:31:59.912  INFO 18276 --- [main] org.hibernate.dialect.Dialect            : HHH000400: Using dialect: org.hibernate.dialect.H2Dialect
2019-05-28 14:32:03.173  INFO 18276 --- [main] o.h.t.schema.internal.SchemaCreatorImpl  : HHH000476: Executing import script 'org.hibernate.tool.schema.internal.exec.ScriptSourceInputNonExistentImpl@29f7100b'
2019-05-28 14:32:03.183  INFO 18276 --- [main] j.LocalContainerEntityManagerFactoryBean : Initialized JPA EntityManagerFactory for persistence unit 'default'
2019-05-28 14:32:07.776  WARN 18276 --- [main] aWebConfiguration$JpaWebMvcConfiguration : spring.jpa.open-in-view is enabled by default. Therefore, database queries may be performed during view rendering. Explicitly configure spring.jpa.open-in-view to disable this warning
2019-05-28 14:32:10.106  INFO 18276 --- [main] o.s.b.a.e.web.EndpointLinksResolver      : Exposing 2 endpoint(s) beneath base path '/actuator'
2019-05-28 14:32:11.763  INFO 18276 --- [main] o.s.s.web.DefaultSecurityFilterChain     : Creating filter chain: Ant [pattern='/v2/api-docs'], []
2019-05-28 14:32:11.764  INFO 18276 --- [main] o.s.s.web.DefaultSecurityFilterChain     : Creating filter chain: Ant [pattern='/configuration/ui'], []
2019-05-28 14:32:11.764  INFO 18276 --- [main] o.s.s.web.DefaultSecurityFilterChain     : Creating filter chain: Ant [pattern='/swagger-resources'], []
2019-05-28 14:32:11.765  INFO 18276 --- [main] o.s.s.web.DefaultSecurityFilterChain     : Creating filter chain: Ant [pattern='/configuration/security'], []
2019-05-28 14:32:11.765  INFO 18276 --- [main] o.s.s.web.DefaultSecurityFilterChain     : Creating filter chain: Ant [pattern='/swagger-ui.html'], []
2019-05-28 14:32:11.766  INFO 18276 --- [main] o.s.s.web.DefaultSecurityFilterChain     : Creating filter chain: Ant [pattern='/webjars/**'], []
2019-05-28 14:32:12.239  INFO 18276 --- [main] o.s.s.web.DefaultSecurityFilterChain     : Creating filter chain: any request, [org.springframework.security.web.context.request.async.WebAsyncManagerIntegrationFilter@9d5d83c, org.springframework.security.web.context.SecurityContextPersistenceFilter@2184977b, org.springframework.security.web.header.HeaderWriterFilter@420bdf8c, org.springframework.security.web.authentication.logout.LogoutFilter@29839d20, org.springframework.security.web.authentication.www.BasicAuthenticationFilter@30c55d6d, org.springframework.security.web.savedrequest.RequestCacheAwareFilter@118b4f06, org.springframework.security.web.servletapi.SecurityContextHolderAwareRequestFilter@4ef2f560, org.springframework.security.web.authentication.AnonymousAuthenticationFilter@7857bb92, org.springframework.security.web.session.SessionManagementFilter@692080d6, org.springframework.security.web.access.ExceptionTranslationFilter@3cd2db8f, org.springframework.security.web.access.intercept.FilterSecurityInterceptor@6104bd29]
2019-05-28 14:32:12.419  INFO 18276 --- [main] pertySourcedRequestMappingHandlerMapping : Mapped URL path [/v2/api-docs] onto method [public org.springframework.http.ResponseEntity<springfox.documentation.spring.web.json.Json> springfox.documentation.swagger2.web.Swagger2Controller.getDocumentation(java.lang.String,javax.servlet.http.HttpServletRequest)]
2019-05-28 14:32:14.342  INFO 18276 --- [main] o.s.s.concurrent.ThreadPoolTaskExecutor  : Initializing ExecutorService 'applicationTaskExecutor'
2019-05-28 14:32:16.546  INFO 18276 --- [main] d.s.w.p.DocumentationPluginsBootstrapper : Context refreshed
2019-05-28 14:32:16.718  INFO 18276 --- [main] d.s.w.p.DocumentationPluginsBootstrapper : Found 1 custom documentation plugin(s)
2019-05-28 14:32:16.839  INFO 18276 --- [main] s.d.s.w.s.ApiListingReferenceScanner     : Scanning for api listing references
2019-05-28 14:32:17.477  INFO 18276 --- [main] .d.s.w.r.o.CachingOperationNameGenerator : Generating unique operation named: handleUsingGET_1
2019-05-28 14:32:17.487  INFO 18276 --- [main] .d.s.w.r.o.CachingOperationNameGenerator : Generating unique operation named: handleUsingGET_2
2019-05-28 14:32:17.497  INFO 18276 --- [main] .d.s.w.r.o.CachingOperationNameGenerator : Generating unique operation named: handleUsingGET_3
2019-05-28 14:32:17.605  INFO 18276 --- [main] c.S.M.MovieBackEndApplicationTests       : Started MovieBackEndApplicationTests in 33.745 seconds (JVM running for 41.263)
2019-05-28 14:32:18.396  INFO 18276 --- [main] o.h.h.i.QueryTranslatorFactoryInitiator  : HHH000397: Using ASTQueryTranslatorFactory
2019-05-28 14:32:19.192  INFO 18276 --- [Thread-4] o.s.s.concurrent.ThreadPoolTaskExecutor  : Shutting down ExecutorService 'applicationTaskExecutor'
2019-05-28 14:32:19.203  INFO 18276 --- [Thread-4] j.LocalContainerEntityManagerFactoryBean : Closing JPA EntityManagerFactory for persistence unit 'default'
2019-05-28 14:32:19.204  INFO 18276 --- [Thread-4] .SchemaDropperImpl$DelayedDropActionImpl : HHH000477: Starting delayed evictData of schema as part of SessionFactory shut-down'
2019-05-28 14:32:19.207  WARN 18276 --- [Thread-4] o.h.engine.jdbc.spi.SqlExceptionHelper   : SQL Error: 90121, SQLState: 90121
2019-05-28 14:32:19.208 ERROR 18276 --- [Thread-4] o.h.engine.jdbc.spi.SqlExceptionHelper   : Database is already closed (to disable automatic closing at VM shutdown, add ";DB_CLOSE_ON_EXIT=FALSE" to the db URL) [90121-199]
2019-05-28 14:32:19.209  WARN 18276 --- [Thread-4] o.h.engine.jdbc.spi.SqlExceptionHelper   : SQL Error: 90121, SQLState: 90121
2019-05-28 14:32:19.211 ERROR 18276 --- [Thread-4] o.h.engine.jdbc.spi.SqlExceptionHelper   : Database is already closed (to disable automatic closing at VM shutdown, add ";DB_CLOSE_ON_EXIT=FALSE" to the db URL) [90121-199]
2019-05-28 14:32:19.211  INFO 18276 --- [Thread-4] o.s.b.f.support.DisposableBeanAdapter    : Invocation of destroy method failed on bean with name 'entityManagerFactory': org.hibernate.exception.JDBCConnectionException: Unable to release JDBC Connection used for DDL execution
2019-05-28 14:32:19.212  INFO 18276 --- [Thread-4] com.zaxxer.hikari.HikariDataSource       : HikariPool-1 - Shutdown initiated...
2019-05-28 14:32:19.228  INFO 18276 --- [Thread-4] com.zaxxer.hikari.HikariDataSource       : HikariPool-1 - Shutdown completed.
